  [1m[36m (1.2ms)[0m  [1mCREATE TABLE "schema_migrations" ("version" varchar(255) NOT NULL) [0m
  [1m[35m (1.0ms)[0m  CREATE UNIQUE INDEX "unique_schema_migrations" ON "schema_migrations" ("version")
  [1m[36mActiveRecord::SchemaMigration Load (0.1ms)[0m  [1mSELECT "schema_migrations".* FROM "schema_migrations"[0m
Migrating to CreateEvents (20121121153536)
  [1m[35m (0.1ms)[0m  begin transaction
  [1m[36m (0.5ms)[0m  [1mCREATE TABLE "events" ("id" INTEGER PRIMARY KEY AUTOINCREMENT NOT NULL, "name" varchar(255), "location" varchar(255), "price" decimal, "created_at" datetime, "updated_at" datetime) [0m
  [1m[35mSQL (0.3ms)[0m  INSERT INTO "schema_migrations" ("version") VALUES (?)  [["version", "20121121153536"]]
  [1m[36m (0.9ms)[0m  [1mcommit transaction[0m
Migrating to AddFieldsToEvents (20121121175436)
  [1m[35m (0.1ms)[0m  begin transaction
  [1m[36m (1.2ms)[0m  [1mALTER TABLE "events" ADD "starts_at" datetime[0m
  [1m[35m (0.2ms)[0m  ALTER TABLE "events" ADD "description" text
  [1m[36mSQL (0.2ms)[0m  [1mINSERT INTO "schema_migrations" ("version") VALUES (?)[0m  [["version", "20121121175436"]]
  [1m[35m (0.7ms)[0m  commit transaction
Migrating to AddImageFileAndCapacityToEvents (20121210230623)
  [1m[36m (0.1ms)[0m  [1mbegin transaction[0m
  [1m[35m (0.6ms)[0m  ALTER TABLE "events" ADD "image_file_name" varchar(255)
  [1m[36m (0.2ms)[0m  [1mALTER TABLE "events" ADD "capacity" integer DEFAULT 1[0m
  [1m[35mSQL (0.3ms)[0m  INSERT INTO "schema_migrations" ("version") VALUES (?)  [["version", "20121210230623"]]
  [1m[36m (1.1ms)[0m  [1mcommit transaction[0m
  [1m[35mActiveRecord::SchemaMigration Load (0.1ms)[0m  SELECT "schema_migrations".* FROM "schema_migrations"
  [1m[36mActiveRecord::SchemaMigration Load (0.3ms)[0m  [1mSELECT "schema_migrations".* FROM "schema_migrations"[0m
  [1m[35m (0.1ms)[0m  begin transaction
  [1m[36mSQL (3.7ms)[0m  [1mINSERT INTO "events" ("capacity", "created_at", "description", "image_file_name", "location", "name", "price", "starts_at", "updated_at") VALUES (?, ?, ?, ?, ?, ?, ?, ?, ?)[0m  [["capacity", 75], ["created_at", Fri, 12 Dec 2014 07:38:23 UTC +00:00], ["description", "Join us for a fun evening of bug smashing! It's a great way to get involved in open source projects whether you're reporting bugs, fixing bugs, or even inadvertently creating a few bugs!"], ["image_file_name", "bugsmash.png"], ["location", "Wynkoop in LoDo, Denver, CO"], ["name", "BugSmash"], ["price", #<BigDecimal:7fe6dc9fddd0,'0.0',9(18)>], ["starts_at", Sun, 22 Mar 2015 07:38:23 UTC +00:00], ["updated_at", Fri, 12 Dec 2014 07:38:23 UTC +00:00]]
  [1m[35m (0.9ms)[0m  commit transaction
  [1m[36m (0.0ms)[0m  [1mbegin transaction[0m
  [1m[35mSQL (0.3ms)[0m  INSERT INTO "events" ("capacity", "created_at", "description", "image_file_name", "location", "name", "price", "starts_at", "updated_at") VALUES (?, ?, ?, ?, ?, ?, ?, ?, ?)  [["capacity", 100], ["created_at", Fri, 12 Dec 2014 07:38:23 UTC +00:00], ["description", "Got a killer app idea you've been itching to work on? Hunker down at the Hackathon! This is an intense, focused day of hacking on anything you want. The entry fee goes toward a bounty of cash and prizes for winners in a variety of categories."], ["image_file_name", "hackathon.png"], ["location", "Buffalo Billiards, Austin, TX"], ["name", "Hackathon"], ["price", #<BigDecimal:7fe6dca140d0,'0.15E2',9(36)>], ["starts_at", Sat, 11 Apr 2015 07:38:23 UTC +00:00], ["updated_at", Fri, 12 Dec 2014 07:38:23 UTC +00:00]]
  [1m[36m (0.7ms)[0m  [1mcommit transaction[0m
  [1m[35m (0.1ms)[0m  begin transaction
  [1m[36mSQL (0.3ms)[0m  [1mINSERT INTO "events" ("capacity", "created_at", "description", "image_file_name", "location", "name", "price", "starts_at", "updated_at") VALUES (?, ?, ?, ?, ?, ?, ?, ?, ?)[0m  [["capacity", 50], ["created_at", Fri, 12 Dec 2014 07:38:23 UTC +00:00], ["description", "Kata Camp is where developers go to practice their craft without the interruptions of a typical project. Forget about having to actually ship something. Tell your manager you're going to Kata Camp for the day! Price includes a buffet lunch and a leather-bound journal to record your kata achievements."], ["image_file_name", "katacamp.png"], ["location", "Double R Ranch, Dallas, TX"], ["name", "Kata Camp"], ["price", #<BigDecimal:7fe6d96e91d8,'0.75E2',9(36)>], ["starts_at", Mon, 11 May 2015 07:38:23 UTC +00:00], ["updated_at", Fri, 12 Dec 2014 07:38:23 UTC +00:00]]
  [1m[35m (0.6ms)[0m  commit transaction
  [1m[36m (0.1ms)[0m  [1mbegin transaction[0m
  [1m[35mSQL (0.3ms)[0m  INSERT INTO "events" ("capacity", "created_at", "description", "image_file_name", "location", "name", "price", "starts_at", "updated_at") VALUES (?, ?, ?, ?, ?, ?, ?, ?, ?)  [["capacity", 15], ["created_at", Fri, 12 Dec 2014 07:38:23 UTC +00:00], ["description", "Start your day off right with a good cup of Joe while you sling some code. By the time you hit the office, you'll be all tuned up!"], ["image_file_name", "coffeecode.png"], ["location", "Stumptown Coffee, Portland, OR"], ["name", "Coffee and Code"], ["price", #<BigDecimal:7fe6d96f24e0,'0.0',9(18)>], ["starts_at", Sun, 31 May 2015 07:38:23 UTC +00:00], ["updated_at", Fri, 12 Dec 2014 07:38:23 UTC +00:00]]
  [1m[36m (0.6ms)[0m  [1mcommit transaction[0m
  [1m[35m (0.0ms)[0m  begin transaction
  [1m[36mSQL (0.3ms)[0m  [1mINSERT INTO "events" ("capacity", "created_at", "description", "image_file_name", "location", "name", "price", "starts_at", "updated_at") VALUES (?, ?, ?, ?, ?, ?, ?, ?, ?)[0m  [["capacity", 150], ["created_at", Fri, 12 Dec 2014 07:38:23 UTC +00:00], ["description", "Brew up the tastiest Mac app and win! Entry fee includes a stylish apron."], ["image_file_name", "cocoacookoff.png"], ["location", "1 Infinite Loop, Cupertino, CA"], ["name", "Cocoa Cook-off"], ["price", #<BigDecimal:7fe6d96fb5b8,'0.25E2',9(36)>], ["starts_at", Wed, 10 Jun 2015 07:38:23 UTC +00:00], ["updated_at", Fri, 12 Dec 2014 07:38:23 UTC +00:00]]
  [1m[35m (0.7ms)[0m  commit transaction
  [1m[36m (0.1ms)[0m  [1mbegin transaction[0m
  [1m[35mSQL (0.4ms)[0m  INSERT INTO "events" ("capacity", "created_at", "description", "image_file_name", "location", "name", "price", "starts_at", "updated_at") VALUES (?, ?, ?, ?, ?, ?, ?, ?, ?)  [["capacity", 200], ["created_at", Fri, 12 Dec 2014 07:38:23 UTC +00:00], ["description", "Join us for a non-stop evening of Muppet mania! We'll watch all the hits (and flops), starting with the classics from back in the day and ending with the latest release."], ["image_file_name", "moviemarathon.png"], ["location", "Disney Theatre, Orlando, FL"], ["name", "Muppets Movie Marathon"], ["price", #<BigDecimal:7fe6d97006a8,'0.15E2',9(36)>], ["starts_at", Sat, 20 Jun 2015 07:38:23 UTC +00:00], ["updated_at", Fri, 12 Dec 2014 07:38:23 UTC +00:00]]
  [1m[36m (0.7ms)[0m  [1mcommit transaction[0m
  [1m[35m (0.1ms)[0m  begin transaction
  [1m[36mSQL (0.3ms)[0m  [1mINSERT INTO "events" ("capacity", "created_at", "description", "image_file_name", "location", "name", "price", "starts_at", "updated_at") VALUES (?, ?, ?, ?, ?, ?, ?, ?, ?)[0m  [["capacity", 75], ["created_at", Fri, 12 Dec 2014 07:38:23 UTC +00:00], ["description", "Come sing along with your favorite country band in Music City! Cover charge includes a confidence-boosting beverage of your choice and entry into the YeeHaw Yodelin' contest."], ["image_file_name", "karaoke.png"], ["location", "Hokey Pokey Saloon, Nashville, TN"], ["name", "Hokey Karaoke"], ["price", #<BigDecimal:7fe6d97097a8,'0.25E2',9(36)>], ["starts_at", Tue, 30 Jun 2015 07:38:23 UTC +00:00], ["updated_at", Fri, 12 Dec 2014 07:38:23 UTC +00:00]]
  [1m[35m (0.7ms)[0m  commit transaction
  [1m[36m (0.1ms)[0m  [1mbegin transaction[0m
  [1m[35mSQL (0.4ms)[0m  INSERT INTO "events" ("capacity", "created_at", "description", "image_file_name", "location", "name", "price", "starts_at", "updated_at") VALUES (?, ?, ?, ?, ?, ?, ?, ?, ?)  [["capacity", 30], ["created_at", Fri, 12 Dec 2014 07:38:23 UTC +00:00], ["description", "Come meet local Rails developers and enjoy a technical talk by a local celebrity. This week's topic is a comparison of testing frameworks, templating systems, and whether to use tabs or spaces."], ["image_file_name", "placeholder.png"], ["location", "Reston, VA"], ["name", "Rails User Group"], ["price", #<BigDecimal:7fe6dca36ae0,'0.0',9(18)>], ["starts_at", Wed, 10 Dec 2014 07:38:23 UTC +00:00], ["updated_at", Fri, 12 Dec 2014 07:38:23 UTC +00:00]]
  [1m[36m (0.9ms)[0m  [1mcommit transaction[0m


Started GET "/" for 127.0.0.1 at 2014-12-12 09:38:44 +0200
  [1m[36mActiveRecord::SchemaMigration Load (0.4ms)[0m  [1mSELECT "schema_migrations".* FROM "schema_migrations"[0m
Processing by EventsController#index as HTML
  [1m[35mEvent Load (0.9ms)[0m  SELECT "events".* FROM "events" WHERE (starts_at >= '2014-12-12 07:38:44.538493') ORDER BY "events"."starts_at" ASC
  Rendered events/index.html.erb within layouts/application (55.0ms)
  Rendered layouts/_header.html.erb (1.0ms)
  Rendered layouts/_sidebar.html.erb (1.1ms)
  Rendered layouts/_footer.html.erb (0.6ms)
Completed 200 OK in 1466ms (Views: 1439.0ms | ActiveRecord: 1.3ms)


Started GET "/assets/forms.css?body=1" for 127.0.0.1 at 2014-12-12 09:38:46 +0200


Started GET "/assets/normalize.css?body=1" for 127.0.0.1 at 2014-12-12 09:38:46 +0200


Started GET "/assets/elements.css?body=1" for 127.0.0.1 at 2014-12-12 09:38:46 +0200


Started GET "/assets/layout.css?body=1" for 127.0.0.1 at 2014-12-12 09:38:46 +0200


Started GET "/assets/application.css?body=1" for 127.0.0.1 at 2014-12-12 09:38:46 +0200


Started GET "/assets/buttons.css?body=1" for 127.0.0.1 at 2014-12-12 09:38:46 +0200


Started GET "/assets/events.css?body=1" for 127.0.0.1 at 2014-12-12 09:38:46 +0200


Started GET "/assets/jquery.js?body=1" for 127.0.0.1 at 2014-12-12 09:38:46 +0200


Started GET "/assets/jquery_ujs.js?body=1" for 127.0.0.1 at 2014-12-12 09:38:46 +0200


Started GET "/assets/events.js?body=1" for 127.0.0.1 at 2014-12-12 09:38:46 +0200


Started GET "/assets/application.js?body=1" for 127.0.0.1 at 2014-12-12 09:38:46 +0200


Started GET "/assets/bugsmash.png" for 127.0.0.1 at 2014-12-12 09:38:46 +0200


Started GET "/assets/turbolinks.js?body=1" for 127.0.0.1 at 2014-12-12 09:38:46 +0200


Started GET "/assets/hackathon.png" for 127.0.0.1 at 2014-12-12 09:38:46 +0200


Started GET "/assets/coffeecode.png" for 127.0.0.1 at 2014-12-12 09:38:46 +0200


Started GET "/assets/moviemarathon.png" for 127.0.0.1 at 2014-12-12 09:38:46 +0200


Started GET "/assets/katacamp.png" for 127.0.0.1 at 2014-12-12 09:38:46 +0200


Started GET "/assets/cocoacookoff.png" for 127.0.0.1 at 2014-12-12 09:38:46 +0200


Started GET "/assets/karaoke.png" for 127.0.0.1 at 2014-12-12 09:38:46 +0200


Started GET "/assets/background.jpg" for 127.0.0.1 at 2014-12-12 09:38:46 +0200


Started GET "/assets/logo.png" for 127.0.0.1 at 2014-12-12 09:38:46 +0200


Started GET "/assets/arrow.png" for 127.0.0.1 at 2014-12-12 09:38:46 +0200


Started GET "/assets/add.png" for 127.0.0.1 at 2014-12-12 09:38:46 +0200


Started GET "/events/1" for 127.0.0.1 at 2014-12-12 09:39:00 +0200
Processing by EventsController#show as HTML
  Parameters: {"id"=>"1"}
  [1m[36mEvent Load (0.5ms)[0m  [1mSELECT "events".* FROM "events" WHERE "events"."id" = ? LIMIT 1[0m  [["id", "1"]]
  Rendered events/show.html.erb within layouts/application (3.0ms)
  Rendered layouts/_header.html.erb (0.7ms)
  Rendered layouts/_sidebar.html.erb (0.8ms)
  Rendered layouts/_footer.html.erb (0.3ms)
Completed 200 OK in 20ms (Views: 15.8ms | ActiveRecord: 0.5ms)


Started GET "/events/1/edit" for 127.0.0.1 at 2014-12-12 09:39:03 +0200
Processing by EventsController#edit as HTML
  Parameters: {"id"=>"1"}
  [1m[35mEvent Load (0.2ms)[0m  SELECT "events".* FROM "events" WHERE "events"."id" = ? LIMIT 1  [["id", "1"]]
  Rendered events/_form.html.erb (26.3ms)
  Rendered events/edit.html.erb within layouts/application (28.2ms)
  Rendered layouts/_header.html.erb (0.2ms)
  Rendered layouts/_sidebar.html.erb (0.6ms)
  Rendered layouts/_footer.html.erb (0.1ms)
Completed 200 OK in 42ms (Views: 39.9ms | ActiveRecord: 0.2ms)


Started GET "/events" for 127.0.0.1 at 2014-12-12 09:39:08 +0200
Processing by EventsController#index as HTML
  [1m[36mEvent Load (0.4ms)[0m  [1mSELECT "events".* FROM "events" WHERE (starts_at >= '2014-12-12 07:39:08.824226') ORDER BY "events"."starts_at" ASC[0m
  Rendered events/index.html.erb within layouts/application (11.4ms)
  Rendered layouts/_header.html.erb (0.5ms)
  Rendered layouts/_sidebar.html.erb (1.4ms)
  Rendered layouts/_footer.html.erb (0.1ms)
Completed 200 OK in 28ms (Views: 26.6ms | ActiveRecord: 0.4ms)


Started GET "/events/2" for 127.0.0.1 at 2014-12-12 09:39:12 +0200
Processing by EventsController#show as HTML
  Parameters: {"id"=>"2"}
  [1m[35mEvent Load (0.2ms)[0m  SELECT "events".* FROM "events" WHERE "events"."id" = ? LIMIT 1  [["id", "2"]]
  Rendered events/show.html.erb within layouts/application (2.0ms)
  Rendered layouts/_header.html.erb (0.2ms)
  Rendered layouts/_sidebar.html.erb (0.2ms)
  Rendered layouts/_footer.html.erb (0.0ms)
Completed 200 OK in 15ms (Views: 12.9ms | ActiveRecord: 0.2ms)


Started GET "/events/2/edit" for 127.0.0.1 at 2014-12-12 09:39:16 +0200
Processing by EventsController#edit as HTML
  Parameters: {"id"=>"2"}
  [1m[36mEvent Load (0.2ms)[0m  [1mSELECT "events".* FROM "events" WHERE "events"."id" = ? LIMIT 1[0m  [["id", "2"]]
  Rendered events/_form.html.erb (9.7ms)
  Rendered events/edit.html.erb within layouts/application (10.9ms)
  Rendered layouts/_header.html.erb (0.2ms)
  Rendered layouts/_sidebar.html.erb (0.3ms)
  Rendered layouts/_footer.html.erb (0.1ms)
Completed 200 OK in 24ms (Views: 21.4ms | ActiveRecord: 0.2ms)


Started GET "/events" for 127.0.0.1 at 2014-12-12 09:39:23 +0200
Processing by EventsController#index as HTML
  [1m[35mEvent Load (0.4ms)[0m  SELECT "events".* FROM "events" WHERE (starts_at >= '2014-12-12 07:39:23.801253') ORDER BY "events"."starts_at" ASC
  Rendered events/index.html.erb within layouts/application (8.1ms)
  Rendered layouts/_header.html.erb (0.2ms)
  Rendered layouts/_sidebar.html.erb (0.2ms)
  Rendered layouts/_footer.html.erb (0.0ms)
Completed 200 OK in 19ms (Views: 17.6ms | ActiveRecord: 0.4ms)
  [1m[36m (0.3ms)[0m  [1mbegin transaction[0m
  [1m[35m (0.1ms)[0m  rollback transaction


Started GET "/" for 127.0.0.1 at 2014-12-12 12:18:06 +0200
  [1m[36mActiveRecord::SchemaMigration Load (0.7ms)[0m  [1mSELECT "schema_migrations".* FROM "schema_migrations"[0m
Processing by EventsController#index as HTML
  [1m[35mEvent Load (1.4ms)[0m  SELECT "events".* FROM "events" WHERE (starts_at >= '2014-12-12 10:18:06.767803') ORDER BY "events"."starts_at" ASC
  Rendered events/index.html.erb within layouts/application (52.3ms)
  Rendered layouts/_header.html.erb (0.6ms)
  Rendered layouts/_sidebar.html.erb (1.6ms)
  Rendered layouts/_footer.html.erb (0.5ms)
Completed 200 OK in 177ms (Views: 147.0ms | ActiveRecord: 1.9ms)


Started GET "/" for 127.0.0.1 at 2014-12-12 12:18:06 +0200
Processing by EventsController#index as HTML
  [1m[36mEvent Load (0.3ms)[0m  [1mSELECT "events".* FROM "events" WHERE (starts_at >= '2014-12-12 10:18:06.927059') ORDER BY "events"."starts_at" ASC[0m
  Rendered events/index.html.erb within layouts/application (8.1ms)
  Rendered layouts/_header.html.erb (0.3ms)
  Rendered layouts/_sidebar.html.erb (0.2ms)
  Rendered layouts/_footer.html.erb (0.0ms)
Completed 200 OK in 19ms (Views: 17.2ms | ActiveRecord: 0.3ms)


Started GET "/assets/turbolinks.js?body=1" for 127.0.0.1 at 2014-12-12 12:18:07 +0200


Started GET "/events/new" for 127.0.0.1 at 2014-12-12 12:18:10 +0200
Processing by EventsController#new as HTML
  Rendered events/_form.html.erb (26.2ms)
  Rendered events/new.html.erb within layouts/application (27.9ms)
  Rendered layouts/_header.html.erb (0.7ms)
  Rendered layouts/_sidebar.html.erb (0.9ms)
  Rendered layouts/_footer.html.erb (0.3ms)
Completed 200 OK in 41ms (Views: 39.9ms | ActiveRecord: 0.0ms)


Started POST "/events" for 127.0.0.1 at 2014-12-12 12:18:14 +0200
Processing by EventsController#create as HTML
  Parameters: {"utf8"=>"✓", "authenticity_token"=>"pLMs+T8CvRzB16yyMAGdkfFEVUiXmfu29ba7L62/K9U=", "event"=>{"name"=>"", "description"=>"", "location"=>"", "price"=>"", "starts_at(1i)"=>"2014", "starts_at(2i)"=>"12", "starts_at(3i)"=>"12", "starts_at(4i)"=>"10", "starts_at(5i)"=>"18", "capacity"=>"1", "image_file_name"=>""}, "commit"=>"Create Event"}
  [1m[35m (0.2ms)[0m  begin transaction
  [1m[36m (0.2ms)[0m  [1mrollback transaction[0m
Redirected to http://localhost:3000/events
Completed 302 Found in 12ms (ActiveRecord: 0.4ms)


Started GET "/events" for 127.0.0.1 at 2014-12-12 12:18:15 +0200
Processing by EventsController#index as HTML
  [1m[35mEvent Load (0.4ms)[0m  SELECT "events".* FROM "events" WHERE (starts_at >= '2014-12-12 10:18:15.013460') ORDER BY "events"."starts_at" ASC
  Rendered events/index.html.erb within layouts/application (13.2ms)
  Rendered layouts/_header.html.erb (0.3ms)
  Rendered layouts/_sidebar.html.erb (0.3ms)
  Rendered layouts/_footer.html.erb (0.1ms)
Completed 200 OK in 30ms (Views: 28.3ms | ActiveRecord: 0.4ms)


Started GET "/assets/turbolinks.js?body=1" for 127.0.0.1 at 2014-12-12 12:18:15 +0200


Started GET "/events/new" for 127.0.0.1 at 2014-12-12 12:18:28 +0200
Processing by EventsController#new as HTML
  Rendered events/_form.html.erb (9.9ms)
  Rendered events/new.html.erb within layouts/application (11.1ms)
  Rendered layouts/_header.html.erb (0.3ms)
  Rendered layouts/_sidebar.html.erb (0.5ms)
  Rendered layouts/_footer.html.erb (0.0ms)
Completed 200 OK in 28ms (Views: 26.6ms | ActiveRecord: 0.0ms)


Started POST "/events" for 127.0.0.1 at 2014-12-12 12:18:39 +0200
Processing by EventsController#create as HTML
  Parameters: {"utf8"=>"✓", "authenticity_token"=>"pLMs+T8CvRzB16yyMAGdkfFEVUiXmfu29ba7L62/K9U=", "event"=>{"name"=>"Manolis Papidakis", "description"=>"", "location"=>"", "price"=>"", "starts_at(1i)"=>"2014", "starts_at(2i)"=>"12", "starts_at(3i)"=>"12", "starts_at(4i)"=>"10", "starts_at(5i)"=>"18", "capacity"=>"1", "image_file_name"=>""}, "commit"=>"Create Event"}
  [1m[36m (0.2ms)[0m  [1mbegin transaction[0m
  [1m[35m (0.2ms)[0m  rollback transaction
Redirected to http://localhost:3000/events
Completed 302 Found in 9ms (ActiveRecord: 0.4ms)


Started GET "/events" for 127.0.0.1 at 2014-12-12 12:18:39 +0200
Processing by EventsController#index as HTML
  [1m[36mEvent Load (0.3ms)[0m  [1mSELECT "events".* FROM "events" WHERE (starts_at >= '2014-12-12 10:18:39.124731') ORDER BY "events"."starts_at" ASC[0m
  Rendered events/index.html.erb within layouts/application (7.9ms)
  Rendered layouts/_header.html.erb (0.2ms)
  Rendered layouts/_sidebar.html.erb (0.5ms)
  Rendered layouts/_footer.html.erb (0.1ms)
Completed 200 OK in 24ms (Views: 22.0ms | ActiveRecord: 0.3ms)


Started GET "/assets/turbolinks.js?body=1" for 127.0.0.1 at 2014-12-12 12:18:39 +0200


Started GET "/events/new" for 127.0.0.1 at 2014-12-12 13:03:07 +0200
Processing by EventsController#new as HTML
  Rendered events/_form.html.erb (29.8ms)
  Rendered events/new.html.erb within layouts/application (32.2ms)
  Rendered layouts/_header.html.erb (0.3ms)
  Rendered layouts/_sidebar.html.erb (0.3ms)
  Rendered layouts/_footer.html.erb (0.1ms)
Completed 200 OK in 68ms (Views: 52.1ms | ActiveRecord: 1.6ms)


Started POST "/events" for 127.0.0.1 at 2014-12-12 13:03:22 +0200
Processing by EventsController#create as HTML
  Parameters: {"utf8"=>"✓", "authenticity_token"=>"pLMs+T8CvRzB16yyMAGdkfFEVUiXmfu29ba7L62/K9U=", "event"=>{"name"=>"", "description"=>"", "location"=>"Heraklion", "price"=>"", "starts_at(1i)"=>"2014", "starts_at(2i)"=>"12", "starts_at(3i)"=>"12", "starts_at(4i)"=>"11", "starts_at(5i)"=>"03", "capacity"=>"1", "image_file_name"=>""}, "commit"=>"Create Event"}
  [1m[35m (0.4ms)[0m  begin transaction
  [1m[36m (0.2ms)[0m  [1mrollback transaction[0m
  Rendered events/_form.html.erb (19.2ms)
  Rendered events/new.html.erb within layouts/application (24.9ms)
  Rendered layouts/_header.html.erb (0.3ms)
  Rendered layouts/_sidebar.html.erb (0.5ms)
  Rendered layouts/_footer.html.erb (0.3ms)
Completed 200 OK in 97ms (Views: 81.4ms | ActiveRecord: 0.6ms)


Started GET "/assets/turbolinks.js?body=1" for 127.0.0.1 at 2014-12-12 13:03:22 +0200


Started POST "/events" for 127.0.0.1 at 2014-12-12 13:12:30 +0200
Processing by EventsController#create as HTML
  Parameters: {"utf8"=>"✓", "authenticity_token"=>"pLMs+T8CvRzB16yyMAGdkfFEVUiXmfu29ba7L62/K9U=", "event"=>{"name"=>"Manolis Papidakis", "description"=>"", "location"=>"Heraklion", "price"=>"", "starts_at(1i)"=>"2014", "starts_at(2i)"=>"12", "starts_at(3i)"=>"12", "starts_at(4i)"=>"11", "starts_at(5i)"=>"03", "capacity"=>"1", "image_file_name"=>""}, "commit"=>"Create Event"}
  [1m[35m (0.7ms)[0m  begin transaction
  [1m[36m (0.2ms)[0m  [1mrollback transaction[0m
  Rendered events/_form.html.erb (20.5ms)
  Rendered events/new.html.erb within layouts/application (22.8ms)
  Rendered layouts/_header.html.erb (0.3ms)
  Rendered layouts/_sidebar.html.erb (0.4ms)
  Rendered layouts/_footer.html.erb (0.1ms)
Completed 200 OK in 65ms (Views: 43.5ms | ActiveRecord: 0.9ms)


Started GET "/assets/turbolinks.js?body=1" for 127.0.0.1 at 2014-12-12 13:12:30 +0200


Started POST "/events" for 127.0.0.1 at 2014-12-12 13:12:43 +0200
Processing by EventsController#create as HTML
  Parameters: {"utf8"=>"✓", "authenticity_token"=>"pLMs+T8CvRzB16yyMAGdkfFEVUiXmfu29ba7L62/K9U=", "event"=>{"name"=>"", "description"=>"", "location"=>"Heraklion", "price"=>"", "starts_at(1i)"=>"2014", "starts_at(2i)"=>"12", "starts_at(3i)"=>"12", "starts_at(4i)"=>"11", "starts_at(5i)"=>"03", "capacity"=>"1", "image_file_name"=>""}, "commit"=>"Create Event"}
  [1m[35m (0.2ms)[0m  begin transaction
  [1m[36m (0.1ms)[0m  [1mrollback transaction[0m
  Rendered events/_form.html.erb (33.3ms)
  Rendered events/new.html.erb within layouts/application (34.7ms)
  Rendered layouts/_header.html.erb (0.2ms)
  Rendered layouts/_sidebar.html.erb (0.3ms)
  Rendered layouts/_footer.html.erb (0.0ms)
Completed 200 OK in 74ms (Views: 65.6ms | ActiveRecord: 0.3ms)


Started GET "/assets/turbolinks.js?body=1" for 127.0.0.1 at 2014-12-12 13:12:43 +0200


Started POST "/events" for 127.0.0.1 at 2014-12-12 13:18:50 +0200
Processing by EventsController#create as HTML
  Parameters: {"utf8"=>"✓", "authenticity_token"=>"pLMs+T8CvRzB16yyMAGdkfFEVUiXmfu29ba7L62/K9U=", "event"=>{"name"=>"", "description"=>"", "location"=>"Heraklion", "price"=>"", "starts_at(1i)"=>"2014", "starts_at(2i)"=>"12", "starts_at(3i)"=>"12", "starts_at(4i)"=>"11", "starts_at(5i)"=>"03", "capacity"=>"1", "image_file_name"=>""}, "commit"=>"Create Event"}
  [1m[35m (0.9ms)[0m  begin transaction
  [1m[36m (0.2ms)[0m  [1mrollback transaction[0m
  Rendered events/_form.html.erb (34.1ms)
  Rendered events/new.html.erb within layouts/application (36.3ms)
  Rendered layouts/_header.html.erb (0.2ms)
  Rendered layouts/_sidebar.html.erb (0.3ms)
  Rendered layouts/_footer.html.erb (0.1ms)
Completed 200 OK in 80ms (Views: 55.7ms | ActiveRecord: 1.1ms)


Started GET "/assets/elements.css?body=1" for 127.0.0.1 at 2014-12-12 13:18:51 +0200


Started GET "/assets/normalize.css?body=1" for 127.0.0.1 at 2014-12-12 13:18:51 +0200


Started GET "/assets/forms.css?body=1" for 127.0.0.1 at 2014-12-12 13:18:51 +0200


Started GET "/assets/application.css?body=1" for 127.0.0.1 at 2014-12-12 13:18:51 +0200


Started GET "/assets/layout.css?body=1" for 127.0.0.1 at 2014-12-12 13:18:51 +0200


Started GET "/assets/events.css?body=1" for 127.0.0.1 at 2014-12-12 13:18:51 +0200


Started GET "/assets/buttons.css?body=1" for 127.0.0.1 at 2014-12-12 13:18:51 +0200


Started GET "/assets/turbolinks.js?body=1" for 127.0.0.1 at 2014-12-12 13:18:51 +0200


Started GET "/assets/jquery.js?body=1" for 127.0.0.1 at 2014-12-12 13:18:51 +0200


Started GET "/assets/jquery_ujs.js?body=1" for 127.0.0.1 at 2014-12-12 13:18:51 +0200


Started GET "/assets/application.js?body=1" for 127.0.0.1 at 2014-12-12 13:18:51 +0200


Started GET "/assets/events.js?body=1" for 127.0.0.1 at 2014-12-12 13:18:51 +0200


Started POST "/events" for 127.0.0.1 at 2014-12-12 13:19:36 +0200
Processing by EventsController#create as HTML
  Parameters: {"utf8"=>"✓", "authenticity_token"=>"pLMs+T8CvRzB16yyMAGdkfFEVUiXmfu29ba7L62/K9U=", "event"=>{"name"=>"", "description"=>"", "location"=>"Heraklion", "price"=>"", "starts_at(1i)"=>"2014", "starts_at(2i)"=>"12", "starts_at(3i)"=>"12", "starts_at(4i)"=>"11", "starts_at(5i)"=>"03", "capacity"=>"1", "image_file_name"=>""}, "commit"=>"Create Event"}
  [1m[35m (0.1ms)[0m  begin transaction
  [1m[36m (0.1ms)[0m  [1mrollback transaction[0m
  Rendered events/_form.html.erb (12.3ms)
  Rendered events/new.html.erb within layouts/application (13.4ms)
  Rendered layouts/_header.html.erb (0.2ms)
  Rendered layouts/_sidebar.html.erb (0.2ms)
  Rendered layouts/_footer.html.erb (0.1ms)
Completed 200 OK in 50ms (Views: 24.5ms | ActiveRecord: 1.5ms)


Started GET "/assets/normalize.css?body=1" for 127.0.0.1 at 2014-12-12 13:19:36 +0200


Started GET "/assets/buttons.css?body=1" for 127.0.0.1 at 2014-12-12 13:19:36 +0200


Started GET "/assets/application.css?body=1" for 127.0.0.1 at 2014-12-12 13:19:36 +0200


Started GET "/assets/layout.css?body=1" for 127.0.0.1 at 2014-12-12 13:19:36 +0200


Started GET "/assets/elements.css?body=1" for 127.0.0.1 at 2014-12-12 13:19:36 +0200


Started GET "/assets/events.css?body=1" for 127.0.0.1 at 2014-12-12 13:19:36 +0200


Started GET "/assets/forms.css?body=1" for 127.0.0.1 at 2014-12-12 13:19:36 +0200


Started GET "/assets/jquery.js?body=1" for 127.0.0.1 at 2014-12-12 13:19:36 +0200


Started GET "/assets/jquery_ujs.js?body=1" for 127.0.0.1 at 2014-12-12 13:19:36 +0200


Started GET "/assets/turbolinks.js?body=1" for 127.0.0.1 at 2014-12-12 13:19:36 +0200


Started GET "/assets/events.js?body=1" for 127.0.0.1 at 2014-12-12 13:19:36 +0200


Started GET "/assets/application.js?body=1" for 127.0.0.1 at 2014-12-12 13:19:37 +0200


Started POST "/events" for 127.0.0.1 at 2014-12-12 13:27:35 +0200
Processing by EventsController#create as HTML
  Parameters: {"utf8"=>"✓", "authenticity_token"=>"pLMs+T8CvRzB16yyMAGdkfFEVUiXmfu29ba7L62/K9U=", "event"=>{"name"=>"", "description"=>"", "location"=>"Heraklion", "price"=>"", "starts_at(1i)"=>"2014", "starts_at(2i)"=>"12", "starts_at(3i)"=>"12", "starts_at(4i)"=>"11", "starts_at(5i)"=>"03", "capacity"=>"1", "image_file_name"=>""}, "commit"=>"Create Event"}
  [1m[35m (0.7ms)[0m  begin transaction
  [1m[36m (0.2ms)[0m  [1mrollback transaction[0m
  Rendered events/_form.html.erb (4.3ms)
  Rendered events/new.html.erb within layouts/application (6.0ms)
Completed 500 Internal Server Error in 38ms

SyntaxError (/Users/mpa/RubymineProjects/events/app/views/events/_form.html.erb:3: syntax error, unexpected ')', expecting keyword_then or ';' or '\n'
...append=(if @events.errors.any?);@output_buffer.safe_append='
...                               ^
/Users/mpa/RubymineProjects/events/app/views/events/_form.html.erb:53: syntax error, unexpected keyword_end, expecting ')'
'; end ;@output_buffer.to_s
      ^
/Users/mpa/RubymineProjects/events/app/views/events/_form.html.erb:54: syntax error, unexpected keyword_ensure, expecting ')'
/Users/mpa/RubymineProjects/events/app/views/events/_form.html.erb:56: syntax error, unexpected keyword_end, expecting ')'):
  app/views/events/new.html.erb:5:in `_app_views_events_new_html_erb__4204928736823097164_70181227111920'
  app/controllers/events_controller.rb:30:in `create'


  Rendered /Users/mpa/.rvm/gems/ruby-2.1.2/gems/actionpack-4.0.10/lib/action_dispatch/middleware/templates/rescues/_source.erb (1.4ms)
  Rendered /Users/mpa/.rvm/gems/ruby-2.1.2/gems/actionpack-4.0.10/lib/action_dispatch/middleware/templates/rescues/_trace.erb (3.8ms)
  Rendered /Users/mpa/.rvm/gems/ruby-2.1.2/gems/actionpack-4.0.10/lib/action_dispatch/middleware/templates/rescues/_request_and_response.erb (4.5ms)
  Rendered /Users/mpa/.rvm/gems/ruby-2.1.2/gems/actionpack-4.0.10/lib/action_dispatch/middleware/templates/rescues/diagnostics.erb within rescues/layout (28.8ms)


Started POST "/events" for 127.0.0.1 at 2014-12-12 13:29:04 +0200
Processing by EventsController#create as HTML
  Parameters: {"utf8"=>"✓", "authenticity_token"=>"pLMs+T8CvRzB16yyMAGdkfFEVUiXmfu29ba7L62/K9U=", "event"=>{"name"=>"", "description"=>"", "location"=>"Heraklion", "price"=>"", "starts_at(1i)"=>"2014", "starts_at(2i)"=>"12", "starts_at(3i)"=>"12", "starts_at(4i)"=>"11", "starts_at(5i)"=>"03", "capacity"=>"1", "image_file_name"=>""}, "commit"=>"Create Event"}
  [1m[35m (0.5ms)[0m  begin transaction
  [1m[36m (0.1ms)[0m  [1mrollback transaction[0m
  Rendered events/_form.html.erb (1.3ms)
  Rendered events/new.html.erb within layouts/application (2.2ms)
Completed 500 Internal Server Error in 20ms

SyntaxError (/Users/mpa/RubymineProjects/events/app/views/events/_form.html.erb:54: syntax error, unexpected keyword_ensure, expecting keyword_end
/Users/mpa/RubymineProjects/events/app/views/events/_form.html.erb:56: syntax error, unexpected end-of-input, expecting keyword_end):
  app/views/events/new.html.erb:5:in `_app_views_events_new_html_erb__4204928736823097164_70181227111920'
  app/controllers/events_controller.rb:30:in `create'


  Rendered /Users/mpa/.rvm/gems/ruby-2.1.2/gems/actionpack-4.0.10/lib/action_dispatch/middleware/templates/rescues/_source.erb (0.7ms)
  Rendered /Users/mpa/.rvm/gems/ruby-2.1.2/gems/actionpack-4.0.10/lib/action_dispatch/middleware/templates/rescues/_trace.erb (2.1ms)
  Rendered /Users/mpa/.rvm/gems/ruby-2.1.2/gems/actionpack-4.0.10/lib/action_dispatch/middleware/templates/rescues/_request_and_response.erb (1.6ms)
  Rendered /Users/mpa/.rvm/gems/ruby-2.1.2/gems/actionpack-4.0.10/lib/action_dispatch/middleware/templates/rescues/diagnostics.erb within rescues/layout (17.6ms)


Started POST "/events" for 127.0.0.1 at 2014-12-12 13:30:39 +0200
Processing by EventsController#create as HTML
  Parameters: {"utf8"=>"✓", "authenticity_token"=>"pLMs+T8CvRzB16yyMAGdkfFEVUiXmfu29ba7L62/K9U=", "event"=>{"name"=>"", "description"=>"", "location"=>"Heraklion", "price"=>"", "starts_at(1i)"=>"2014", "starts_at(2i)"=>"12", "starts_at(3i)"=>"12", "starts_at(4i)"=>"11", "starts_at(5i)"=>"03", "capacity"=>"1", "image_file_name"=>""}, "commit"=>"Create Event"}
  [1m[35m (0.4ms)[0m  begin transaction
  [1m[36m (0.1ms)[0m  [1mrollback transaction[0m
  Rendered events/_form.html.erb (13.3ms)
  Rendered events/new.html.erb within layouts/application (14.3ms)
Completed 500 Internal Server Error in 24ms

SyntaxError (/Users/mpa/RubymineProjects/events/app/views/events/_form.html.erb:54: syntax error, unexpected keyword_ensure, expecting keyword_end
/Users/mpa/RubymineProjects/events/app/views/events/_form.html.erb:56: syntax error, unexpected end-of-input, expecting keyword_end):
  app/views/events/new.html.erb:5:in `_app_views_events_new_html_erb__4204928736823097164_70181227111920'
  app/controllers/events_controller.rb:30:in `create'


  Rendered /Users/mpa/.rvm/gems/ruby-2.1.2/gems/actionpack-4.0.10/lib/action_dispatch/middleware/templates/rescues/_source.erb (1.0ms)
  Rendered /Users/mpa/.rvm/gems/ruby-2.1.2/gems/actionpack-4.0.10/lib/action_dispatch/middleware/templates/rescues/_trace.erb (2.5ms)
  Rendered /Users/mpa/.rvm/gems/ruby-2.1.2/gems/actionpack-4.0.10/lib/action_dispatch/middleware/templates/rescues/_request_and_response.erb (1.7ms)
  Rendered /Users/mpa/.rvm/gems/ruby-2.1.2/gems/actionpack-4.0.10/lib/action_dispatch/middleware/templates/rescues/diagnostics.erb within rescues/layout (18.8ms)


Started POST "/events" for 127.0.0.1 at 2014-12-12 13:31:34 +0200
Processing by EventsController#create as HTML
  Parameters: {"utf8"=>"✓", "authenticity_token"=>"pLMs+T8CvRzB16yyMAGdkfFEVUiXmfu29ba7L62/K9U=", "event"=>{"name"=>"", "description"=>"", "location"=>"Heraklion", "price"=>"", "starts_at(1i)"=>"2014", "starts_at(2i)"=>"12", "starts_at(3i)"=>"12", "starts_at(4i)"=>"11", "starts_at(5i)"=>"03", "capacity"=>"1", "image_file_name"=>""}, "commit"=>"Create Event"}
  [1m[35m (0.4ms)[0m  begin transaction
  [1m[36m (0.1ms)[0m  [1mrollback transaction[0m
  Rendered events/_form.html.erb (1.8ms)
  Rendered events/new.html.erb within layouts/application (3.1ms)
Completed 500 Internal Server Error in 12ms

SyntaxError (/Users/mpa/RubymineProjects/events/app/views/events/_form.html.erb:54: syntax error, unexpected keyword_ensure, expecting keyword_end
/Users/mpa/RubymineProjects/events/app/views/events/_form.html.erb:56: syntax error, unexpected end-of-input, expecting keyword_end):
  app/views/events/new.html.erb:5:in `_app_views_events_new_html_erb__4204928736823097164_70181227111920'
  app/controllers/events_controller.rb:30:in `create'


  Rendered /Users/mpa/.rvm/gems/ruby-2.1.2/gems/actionpack-4.0.10/lib/action_dispatch/middleware/templates/rescues/_source.erb (1.0ms)
  Rendered /Users/mpa/.rvm/gems/ruby-2.1.2/gems/actionpack-4.0.10/lib/action_dispatch/middleware/templates/rescues/_trace.erb (2.0ms)
  Rendered /Users/mpa/.rvm/gems/ruby-2.1.2/gems/actionpack-4.0.10/lib/action_dispatch/middleware/templates/rescues/_request_and_response.erb (1.5ms)
  Rendered /Users/mpa/.rvm/gems/ruby-2.1.2/gems/actionpack-4.0.10/lib/action_dispatch/middleware/templates/rescues/diagnostics.erb within rescues/layout (18.7ms)


Started POST "/events" for 127.0.0.1 at 2014-12-12 13:34:18 +0200
Processing by EventsController#create as HTML
  Parameters: {"utf8"=>"✓", "authenticity_token"=>"pLMs+T8CvRzB16yyMAGdkfFEVUiXmfu29ba7L62/K9U=", "event"=>{"name"=>"", "description"=>"", "location"=>"Heraklion", "price"=>"", "starts_at(1i)"=>"2014", "starts_at(2i)"=>"12", "starts_at(3i)"=>"12", "starts_at(4i)"=>"11", "starts_at(5i)"=>"03", "capacity"=>"1", "image_file_name"=>""}, "commit"=>"Create Event"}
  [1m[35m (0.5ms)[0m  begin transaction
  [1m[36m (0.1ms)[0m  [1mrollback transaction[0m
  Rendered events/_form.html.erb (37.8ms)
  Rendered events/new.html.erb within layouts/application (38.8ms)
  Rendered layouts/_header.html.erb (0.3ms)
  Rendered layouts/_sidebar.html.erb (0.5ms)
  Rendered layouts/_footer.html.erb (0.1ms)
Completed 200 OK in 61ms (Views: 54.0ms | ActiveRecord: 0.5ms)


Started GET "/assets/application.css?body=1" for 127.0.0.1 at 2014-12-12 13:34:18 +0200


Started GET "/assets/normalize.css?body=1" for 127.0.0.1 at 2014-12-12 13:34:18 +0200


Started GET "/assets/elements.css?body=1" for 127.0.0.1 at 2014-12-12 13:34:18 +0200


Started GET "/assets/layout.css?body=1" for 127.0.0.1 at 2014-12-12 13:34:18 +0200


Started GET "/assets/buttons.css?body=1" for 127.0.0.1 at 2014-12-12 13:34:18 +0200


Started GET "/assets/events.css?body=1" for 127.0.0.1 at 2014-12-12 13:34:18 +0200


Started GET "/assets/forms.css?body=1" for 127.0.0.1 at 2014-12-12 13:34:18 +0200


Started GET "/assets/jquery.js?body=1" for 127.0.0.1 at 2014-12-12 13:34:18 +0200


Started GET "/assets/turbolinks.js?body=1" for 127.0.0.1 at 2014-12-12 13:34:18 +0200


Started GET "/assets/jquery_ujs.js?body=1" for 127.0.0.1 at 2014-12-12 13:34:18 +0200


Started GET "/assets/application.js?body=1" for 127.0.0.1 at 2014-12-12 13:34:18 +0200


Started GET "/assets/events.js?body=1" for 127.0.0.1 at 2014-12-12 13:34:18 +0200


Started POST "/events" for 127.0.0.1 at 2014-12-12 13:35:14 +0200
Processing by EventsController#create as HTML
  Parameters: {"utf8"=>"✓", "authenticity_token"=>"pLMs+T8CvRzB16yyMAGdkfFEVUiXmfu29ba7L62/K9U=", "event"=>{"name"=>"", "description"=>"", "location"=>"Heraklion", "price"=>"", "starts_at(1i)"=>"2014", "starts_at(2i)"=>"12", "starts_at(3i)"=>"12", "starts_at(4i)"=>"11", "starts_at(5i)"=>"03", "capacity"=>"1", "image_file_name"=>""}, "commit"=>"Create Event"}
  [1m[35m (0.2ms)[0m  begin transaction
  [1m[36m (0.1ms)[0m  [1mrollback transaction[0m
  Rendered events/_form.html.erb (18.3ms)
  Rendered events/new.html.erb within layouts/application (19.4ms)
  Rendered layouts/_header.html.erb (0.2ms)
  Rendered layouts/_sidebar.html.erb (0.3ms)
  Rendered layouts/_footer.html.erb (0.0ms)
Completed 200 OK in 39ms (Views: 30.2ms | ActiveRecord: 0.3ms)


Started GET "/assets/application.css?body=1" for 127.0.0.1 at 2014-12-12 13:35:14 +0200


Started GET "/assets/normalize.css?body=1" for 127.0.0.1 at 2014-12-12 13:35:14 +0200


Started GET "/assets/layout.css?body=1" for 127.0.0.1 at 2014-12-12 13:35:14 +0200


Started GET "/assets/forms.css?body=1" for 127.0.0.1 at 2014-12-12 13:35:14 +0200


Started GET "/assets/elements.css?body=1" for 127.0.0.1 at 2014-12-12 13:35:14 +0200


Started GET "/assets/buttons.css?body=1" for 127.0.0.1 at 2014-12-12 13:35:14 +0200


Started GET "/assets/jquery.js?body=1" for 127.0.0.1 at 2014-12-12 13:35:14 +0200


Started GET "/assets/events.css?body=1" for 127.0.0.1 at 2014-12-12 13:35:14 +0200


Started GET "/assets/jquery_ujs.js?body=1" for 127.0.0.1 at 2014-12-12 13:35:14 +0200


Started GET "/assets/turbolinks.js?body=1" for 127.0.0.1 at 2014-12-12 13:35:14 +0200


Started GET "/assets/events.js?body=1" for 127.0.0.1 at 2014-12-12 13:35:14 +0200


Started GET "/assets/application.js?body=1" for 127.0.0.1 at 2014-12-12 13:35:14 +0200


Started POST "/events" for 127.0.0.1 at 2014-12-12 13:35:56 +0200
Processing by EventsController#create as HTML
  Parameters: {"utf8"=>"✓", "authenticity_token"=>"pLMs+T8CvRzB16yyMAGdkfFEVUiXmfu29ba7L62/K9U=", "event"=>{"name"=>"", "description"=>"", "location"=>"Heraklion", "price"=>"", "starts_at(1i)"=>"2014", "starts_at(2i)"=>"12", "starts_at(3i)"=>"12", "starts_at(4i)"=>"11", "starts_at(5i)"=>"03", "capacity"=>"1", "image_file_name"=>""}, "commit"=>"Create Event"}
  [1m[35m (0.2ms)[0m  begin transaction
  [1m[36m (0.2ms)[0m  [1mrollback transaction[0m
  Rendered events/_form.html.erb (6.8ms)
  Rendered events/new.html.erb within layouts/application (8.0ms)
Completed 500 Internal Server Error in 19ms

ActionView::Template::Error (undefined method `each' for #<String:0x007fa8ae21dc30>):
     7:             <%=pluralize(@event.errors.count,"error")%></h3>
     8:           </header>
     9:           <ul>
    10:             <% @event.errors.full_messages.to_sentence.each do |message|%>
    11:             <li><%=message%></li>
    12:           </ul>
    13:             <%end%>
  app/views/events/_form.html.erb:10:in `block in _app_views_events__form_html_erb__3671788521232249381_70181192034520'
  app/views/events/_form.html.erb:1:in `_app_views_events__form_html_erb__3671788521232249381_70181192034520'
  app/views/events/new.html.erb:5:in `_app_views_events_new_html_erb__4204928736823097164_70181227111920'
  app/controllers/events_controller.rb:30:in `create'


  Rendered /Users/mpa/.rvm/gems/ruby-2.1.2/gems/actionpack-4.0.10/lib/action_dispatch/middleware/templates/rescues/_trace.erb (1.9ms)
  Rendered /Users/mpa/.rvm/gems/ruby-2.1.2/gems/actionpack-4.0.10/lib/action_dispatch/middleware/templates/rescues/_request_and_response.erb (2.0ms)
  Rendered /Users/mpa/.rvm/gems/ruby-2.1.2/gems/actionpack-4.0.10/lib/action_dispatch/middleware/templates/rescues/template_error.erb within rescues/layout (14.5ms)


Started POST "/events" for 127.0.0.1 at 2014-12-12 13:36:09 +0200
Processing by EventsController#create as HTML
  Parameters: {"utf8"=>"✓", "authenticity_token"=>"pLMs+T8CvRzB16yyMAGdkfFEVUiXmfu29ba7L62/K9U=", "event"=>{"name"=>"", "description"=>"", "location"=>"Heraklion", "price"=>"", "starts_at(1i)"=>"2014", "starts_at(2i)"=>"12", "starts_at(3i)"=>"12", "starts_at(4i)"=>"11", "starts_at(5i)"=>"03", "capacity"=>"1", "image_file_name"=>""}, "commit"=>"Create Event"}
  [1m[35m (0.1ms)[0m  begin transaction
  [1m[36m (0.1ms)[0m  [1mrollback transaction[0m
  Rendered events/_form.html.erb (6.6ms)
  Rendered events/new.html.erb within layouts/application (7.7ms)
Completed 500 Internal Server Error in 16ms

ActionView::Template::Error (undefined method `to_sentance' for #<Array:0x007fa8ab30f038>):
     7:             <%=pluralize(@event.errors.count,"error")%></h3>
     8:           </header>
     9:           <ul>
    10:             <% @event.errors.full_messages.to_sentance.each do |message|%>
    11:             <li><%=message%></li>
    12:           </ul>
    13:             <%end%>
  app/views/events/_form.html.erb:10:in `block in _app_views_events__form_html_erb__3671788521232249381_70181226671420'
  app/views/events/_form.html.erb:1:in `_app_views_events__form_html_erb__3671788521232249381_70181226671420'
  app/views/events/new.html.erb:5:in `_app_views_events_new_html_erb__4204928736823097164_70181227111920'
  app/controllers/events_controller.rb:30:in `create'


  Rendered /Users/mpa/.rvm/gems/ruby-2.1.2/gems/actionpack-4.0.10/lib/action_dispatch/middleware/templates/rescues/_trace.erb (2.0ms)
  Rendered /Users/mpa/.rvm/gems/ruby-2.1.2/gems/actionpack-4.0.10/lib/action_dispatch/middleware/templates/rescues/_request_and_response.erb (1.4ms)
  Rendered /Users/mpa/.rvm/gems/ruby-2.1.2/gems/actionpack-4.0.10/lib/action_dispatch/middleware/templates/rescues/template_error.erb within rescues/layout (13.5ms)


Started POST "/events" for 127.0.0.1 at 2014-12-12 13:36:29 +0200
Processing by EventsController#create as HTML
  Parameters: {"utf8"=>"✓", "authenticity_token"=>"pLMs+T8CvRzB16yyMAGdkfFEVUiXmfu29ba7L62/K9U=", "event"=>{"name"=>"", "description"=>"", "location"=>"Heraklion", "price"=>"", "starts_at(1i)"=>"2014", "starts_at(2i)"=>"12", "starts_at(3i)"=>"12", "starts_at(4i)"=>"11", "starts_at(5i)"=>"03", "capacity"=>"1", "image_file_name"=>""}, "commit"=>"Create Event"}
  [1m[35m (0.1ms)[0m  begin transaction
  [1m[36m (0.1ms)[0m  [1mrollback transaction[0m
  Rendered events/_form.html.erb (5.5ms)
  Rendered events/new.html.erb within layouts/application (6.4ms)
Completed 500 Internal Server Error in 14ms

ActionView::Template::Error (undefined method `each' for #<String:0x007fa8ac359498>):
     7:             <%=pluralize(@event.errors.count,"error")%></h3>
     8:           </header>
     9:           <ul>
    10:             <% @event.errors.full_messages.to_sentence.each do |message|%>
    11:             <li><%=message%></li>
    12:           </ul>
    13:             <%end%>
  app/views/events/_form.html.erb:10:in `block in _app_views_events__form_html_erb__3671788521232249381_70181226924840'
  app/views/events/_form.html.erb:1:in `_app_views_events__form_html_erb__3671788521232249381_70181226924840'
  app/views/events/new.html.erb:5:in `_app_views_events_new_html_erb__4204928736823097164_70181227111920'
  app/controllers/events_controller.rb:30:in `create'


  Rendered /Users/mpa/.rvm/gems/ruby-2.1.2/gems/actionpack-4.0.10/lib/action_dispatch/middleware/templates/rescues/_trace.erb (2.1ms)
  Rendered /Users/mpa/.rvm/gems/ruby-2.1.2/gems/actionpack-4.0.10/lib/action_dispatch/middleware/templates/rescues/_request_and_response.erb (1.9ms)
  Rendered /Users/mpa/.rvm/gems/ruby-2.1.2/gems/actionpack-4.0.10/lib/action_dispatch/middleware/templates/rescues/template_error.erb within rescues/layout (14.6ms)


Started POST "/events" for 127.0.0.1 at 2014-12-12 13:36:47 +0200
Processing by EventsController#create as HTML
  Parameters: {"utf8"=>"✓", "authenticity_token"=>"pLMs+T8CvRzB16yyMAGdkfFEVUiXmfu29ba7L62/K9U=", "event"=>{"name"=>"", "description"=>"", "location"=>"Heraklion", "price"=>"", "starts_at(1i)"=>"2014", "starts_at(2i)"=>"12", "starts_at(3i)"=>"12", "starts_at(4i)"=>"11", "starts_at(5i)"=>"03", "capacity"=>"1", "image_file_name"=>""}, "commit"=>"Create Event"}
  [1m[35m (0.3ms)[0m  begin transaction
  [1m[36m (0.1ms)[0m  [1mrollback transaction[0m
  Rendered events/_form.html.erb (15.9ms)
  Rendered events/new.html.erb within layouts/application (17.0ms)
  Rendered layouts/_header.html.erb (0.2ms)
  Rendered layouts/_sidebar.html.erb (0.2ms)
  Rendered layouts/_footer.html.erb (0.0ms)
Completed 200 OK in 34ms (Views: 28.5ms | ActiveRecord: 0.3ms)


Started GET "/assets/application.css?body=1" for 127.0.0.1 at 2014-12-12 13:36:48 +0200


Started GET "/assets/normalize.css?body=1" for 127.0.0.1 at 2014-12-12 13:36:48 +0200


Started GET "/assets/elements.css?body=1" for 127.0.0.1 at 2014-12-12 13:36:48 +0200


Started GET "/assets/layout.css?body=1" for 127.0.0.1 at 2014-12-12 13:36:48 +0200


Started GET "/assets/forms.css?body=1" for 127.0.0.1 at 2014-12-12 13:36:48 +0200


Started GET "/assets/events.css?body=1" for 127.0.0.1 at 2014-12-12 13:36:48 +0200


Started GET "/assets/jquery_ujs.js?body=1" for 127.0.0.1 at 2014-12-12 13:36:48 +0200


Started GET "/assets/jquery.js?body=1" for 127.0.0.1 at 2014-12-12 13:36:48 +0200


Started GET "/assets/buttons.css?body=1" for 127.0.0.1 at 2014-12-12 13:36:48 +0200


Started GET "/assets/events.js?body=1" for 127.0.0.1 at 2014-12-12 13:36:48 +0200


Started GET "/assets/turbolinks.js?body=1" for 127.0.0.1 at 2014-12-12 13:36:48 +0200


Started GET "/assets/application.js?body=1" for 127.0.0.1 at 2014-12-12 13:36:48 +0200


Started POST "/events" for 127.0.0.1 at 2014-12-12 13:37:07 +0200
Processing by EventsController#create as HTML
  Parameters: {"utf8"=>"✓", "authenticity_token"=>"pLMs+T8CvRzB16yyMAGdkfFEVUiXmfu29ba7L62/K9U=", "event"=>{"name"=>"INstagap", "description"=>"\r\n", "location"=>"Heraklion", "price"=>"", "starts_at(1i)"=>"2014", "starts_at(2i)"=>"12", "starts_at(3i)"=>"12", "starts_at(4i)"=>"11", "starts_at(5i)"=>"03", "capacity"=>"1", "image_file_name"=>""}, "commit"=>"Create Event"}
  [1m[35m (0.2ms)[0m  begin transaction
  [1m[36m (0.1ms)[0m  [1mrollback transaction[0m
  Rendered events/_form.html.erb (15.5ms)
  Rendered events/new.html.erb within layouts/application (16.8ms)
  Rendered layouts/_header.html.erb (0.2ms)
  Rendered layouts/_sidebar.html.erb (0.2ms)
  Rendered layouts/_footer.html.erb (0.0ms)
Completed 200 OK in 37ms (Views: 27.5ms | ActiveRecord: 0.3ms)


Started GET "/assets/normalize.css?body=1" for 127.0.0.1 at 2014-12-12 13:37:07 +0200


Started GET "/assets/buttons.css?body=1" for 127.0.0.1 at 2014-12-12 13:37:07 +0200


Started GET "/assets/events.css?body=1" for 127.0.0.1 at 2014-12-12 13:37:07 +0200


Started GET "/assets/elements.css?body=1" for 127.0.0.1 at 2014-12-12 13:37:07 +0200


Started GET "/assets/forms.css?body=1" for 127.0.0.1 at 2014-12-12 13:37:07 +0200


Started GET "/assets/layout.css?body=1" for 127.0.0.1 at 2014-12-12 13:37:07 +0200


Started GET "/assets/application.css?body=1" for 127.0.0.1 at 2014-12-12 13:37:07 +0200


Started GET "/assets/turbolinks.js?body=1" for 127.0.0.1 at 2014-12-12 13:37:07 +0200


Started GET "/assets/jquery.js?body=1" for 127.0.0.1 at 2014-12-12 13:37:07 +0200


Started GET "/assets/jquery_ujs.js?body=1" for 127.0.0.1 at 2014-12-12 13:37:07 +0200


Started GET "/assets/application.js?body=1" for 127.0.0.1 at 2014-12-12 13:37:07 +0200


Started GET "/assets/events.js?body=1" for 127.0.0.1 at 2014-12-12 13:37:07 +0200


Started POST "/events" for 127.0.0.1 at 2014-12-12 13:37:29 +0200
Processing by EventsController#create as HTML
  Parameters: {"utf8"=>"✓", "authenticity_token"=>"pLMs+T8CvRzB16yyMAGdkfFEVUiXmfu29ba7L62/K9U=", "event"=>{"name"=>"INstagap", "description"=>"\r\nThis is istrht description of the firl sdf \r\n", "location"=>"Heraklion", "price"=>"", "starts_at(1i)"=>"2014", "starts_at(2i)"=>"12", "starts_at(3i)"=>"12", "starts_at(4i)"=>"11", "starts_at(5i)"=>"03", "capacity"=>"1", "image_file_name"=>""}, "commit"=>"Create Event"}
  [1m[35m (0.2ms)[0m  begin transaction
  [1m[36m (0.1ms)[0m  [1mrollback transaction[0m
  Rendered events/_form.html.erb (13.1ms)
  Rendered events/new.html.erb within layouts/application (14.8ms)
  Rendered layouts/_header.html.erb (0.2ms)
  Rendered layouts/_sidebar.html.erb (0.2ms)
  Rendered layouts/_footer.html.erb (0.0ms)
Completed 200 OK in 34ms (Views: 26.8ms | ActiveRecord: 0.3ms)


Started GET "/assets/layout.css?body=1" for 127.0.0.1 at 2014-12-12 13:37:29 +0200


Started GET "/assets/normalize.css?body=1" for 127.0.0.1 at 2014-12-12 13:37:29 +0200


Started GET "/assets/elements.css?body=1" for 127.0.0.1 at 2014-12-12 13:37:29 +0200


Started GET "/assets/events.css?body=1" for 127.0.0.1 at 2014-12-12 13:37:29 +0200


Started GET "/assets/buttons.css?body=1" for 127.0.0.1 at 2014-12-12 13:37:29 +0200


Started GET "/assets/application.css?body=1" for 127.0.0.1 at 2014-12-12 13:37:29 +0200


Started GET "/assets/forms.css?body=1" for 127.0.0.1 at 2014-12-12 13:37:29 +0200


Started GET "/assets/jquery.js?body=1" for 127.0.0.1 at 2014-12-12 13:37:29 +0200


Started GET "/assets/jquery_ujs.js?body=1" for 127.0.0.1 at 2014-12-12 13:37:29 +0200


Started GET "/assets/turbolinks.js?body=1" for 127.0.0.1 at 2014-12-12 13:37:29 +0200


Started GET "/assets/events.js?body=1" for 127.0.0.1 at 2014-12-12 13:37:29 +0200


Started GET "/assets/application.js?body=1" for 127.0.0.1 at 2014-12-12 13:37:29 +0200


Started POST "/events" for 127.0.0.1 at 2014-12-12 13:37:52 +0200
Processing by EventsController#create as HTML
  Parameters: {"utf8"=>"✓", "authenticity_token"=>"pLMs+T8CvRzB16yyMAGdkfFEVUiXmfu29ba7L62/K9U=", "event"=>{"name"=>"INstagap", "description"=>"\r\nThis is istrht description of the firl sdf \r\n", "location"=>"Heraklion", "price"=>"100", "starts_at(1i)"=>"2014", "starts_at(2i)"=>"12", "starts_at(3i)"=>"12", "starts_at(4i)"=>"11", "starts_at(5i)"=>"03", "capacity"=>"1", "image_file_name"=>""}, "commit"=>"Create Event"}
  [1m[35m (0.3ms)[0m  begin transaction
  [1m[36mSQL (3.6ms)[0m  [1mINSERT INTO "events" ("created_at", "description", "image_file_name", "location", "name", "price", "starts_at", "updated_at") VALUES (?, ?, ?, ?, ?, ?, ?, ?)[0m  [["created_at", Fri, 12 Dec 2014 11:37:52 UTC +00:00], ["description", "\r\nThis is istrht description of the firl sdf \r\n"], ["image_file_name", ""], ["location", "Heraklion"], ["name", "INstagap"], ["price", #<BigDecimal:7fa8aac253a8,'0.1E3',9(18)>], ["starts_at", Fri, 12 Dec 2014 11:03:00 UTC +00:00], ["updated_at", Fri, 12 Dec 2014 11:37:52 UTC +00:00]]
  [1m[35m (1.7ms)[0m  commit transaction
Redirected to http://localhost:3000/events/9
Completed 302 Found in 18ms (ActiveRecord: 5.7ms)


Started GET "/events/9" for 127.0.0.1 at 2014-12-12 13:37:52 +0200
Processing by EventsController#show as HTML
  Parameters: {"id"=>"9"}
  [1m[36mEvent Load (0.8ms)[0m  [1mSELECT "events".* FROM "events" WHERE "events"."id" = ? LIMIT 1[0m  [["id", "9"]]
  Rendered events/show.html.erb within layouts/application (9.5ms)
  Rendered layouts/_header.html.erb (0.2ms)
  Rendered layouts/_sidebar.html.erb (0.2ms)
  Rendered layouts/_footer.html.erb (0.1ms)
Completed 200 OK in 33ms (Views: 19.8ms | ActiveRecord: 0.8ms)


Started GET "/assets/normalize.css?body=1" for 127.0.0.1 at 2014-12-12 13:37:52 +0200


Started GET "/assets/application.css?body=1" for 127.0.0.1 at 2014-12-12 13:37:52 +0200


Started GET "/assets/events.css?body=1" for 127.0.0.1 at 2014-12-12 13:37:52 +0200


Started GET "/assets/buttons.css?body=1" for 127.0.0.1 at 2014-12-12 13:37:52 +0200


Started GET "/assets/layout.css?body=1" for 127.0.0.1 at 2014-12-12 13:37:52 +0200


Started GET "/assets/elements.css?body=1" for 127.0.0.1 at 2014-12-12 13:37:52 +0200


Started GET "/assets/forms.css?body=1" for 127.0.0.1 at 2014-12-12 13:37:52 +0200


Started GET "/assets/jquery.js?body=1" for 127.0.0.1 at 2014-12-12 13:37:52 +0200


Started GET "/assets/jquery_ujs.js?body=1" for 127.0.0.1 at 2014-12-12 13:37:52 +0200


Started GET "/assets/turbolinks.js?body=1" for 127.0.0.1 at 2014-12-12 13:37:52 +0200


Started GET "/assets/events.js?body=1" for 127.0.0.1 at 2014-12-12 13:37:52 +0200


Started GET "/assets/application.js?body=1" for 127.0.0.1 at 2014-12-12 13:37:52 +0200


Started GET "/assets/placeholder.png" for 127.0.0.1 at 2014-12-12 13:37:52 +0200


Started GET "/events/9/edit" for 127.0.0.1 at 2014-12-12 13:37:59 +0200
Processing by EventsController#edit as HTML
  Parameters: {"id"=>"9"}
  [1m[35mEvent Load (0.2ms)[0m  SELECT "events".* FROM "events" WHERE "events"."id" = ? LIMIT 1  [["id", "9"]]
  Rendered events/_form.html.erb (10.3ms)
  Rendered events/edit.html.erb within layouts/application (12.0ms)
  Rendered layouts/_header.html.erb (0.1ms)
  Rendered layouts/_sidebar.html.erb (0.2ms)
  Rendered layouts/_footer.html.erb (0.0ms)
Completed 200 OK in 23ms (Views: 20.9ms | ActiveRecord: 0.2ms)


Started PATCH "/events/9" for 127.0.0.1 at 2014-12-12 13:38:04 +0200
Processing by EventsController#update as HTML
  Parameters: {"utf8"=>"✓", "authenticity_token"=>"pLMs+T8CvRzB16yyMAGdkfFEVUiXmfu29ba7L62/K9U=", "event"=>{"name"=>"INstagap", "description"=>"", "location"=>"Heraklion", "price"=>"100", "starts_at(1i)"=>"2014", "starts_at(2i)"=>"12", "starts_at(3i)"=>"12", "starts_at(4i)"=>"11", "starts_at(5i)"=>"03", "capacity"=>"1", "image_file_name"=>""}, "commit"=>"Update Event", "id"=>"9"}
  [1m[36mEvent Load (0.2ms)[0m  [1mSELECT "events".* FROM "events" WHERE "events"."id" = ? LIMIT 1[0m  [["id", "9"]]
  [1m[35m (0.1ms)[0m  begin transaction
  [1m[36m (0.1ms)[0m  [1mrollback transaction[0m
Redirected to http://localhost:3000/events/9
Completed 302 Found in 9ms (ActiveRecord: 0.4ms)


Started GET "/events/9" for 127.0.0.1 at 2014-12-12 13:38:04 +0200
Processing by EventsController#show as HTML
  Parameters: {"id"=>"9"}
  [1m[35mEvent Load (0.2ms)[0m  SELECT "events".* FROM "events" WHERE "events"."id" = ? LIMIT 1  [["id", "9"]]
  Rendered events/show.html.erb within layouts/application (1.4ms)
  Rendered layouts/_header.html.erb (0.1ms)
  Rendered layouts/_sidebar.html.erb (0.3ms)
  Rendered layouts/_footer.html.erb (0.1ms)
Completed 200 OK in 12ms (Views: 9.7ms | ActiveRecord: 0.2ms)


Started GET "/assets/normalize.css?body=1" for 127.0.0.1 at 2014-12-12 13:38:04 +0200


Started GET "/assets/application.css?body=1" for 127.0.0.1 at 2014-12-12 13:38:04 +0200


Started GET "/assets/events.css?body=1" for 127.0.0.1 at 2014-12-12 13:38:04 +0200


Started GET "/assets/elements.css?body=1" for 127.0.0.1 at 2014-12-12 13:38:04 +0200


Started GET "/assets/layout.css?body=1" for 127.0.0.1 at 2014-12-12 13:38:04 +0200


Started GET "/assets/forms.css?body=1" for 127.0.0.1 at 2014-12-12 13:38:04 +0200


Started GET "/assets/buttons.css?body=1" for 127.0.0.1 at 2014-12-12 13:38:04 +0200


Started GET "/assets/jquery.js?body=1" for 127.0.0.1 at 2014-12-12 13:38:04 +0200


Started GET "/assets/jquery_ujs.js?body=1" for 127.0.0.1 at 2014-12-12 13:38:04 +0200


Started GET "/assets/turbolinks.js?body=1" for 127.0.0.1 at 2014-12-12 13:38:04 +0200


Started GET "/assets/application.js?body=1" for 127.0.0.1 at 2014-12-12 13:38:04 +0200


Started GET "/assets/events.js?body=1" for 127.0.0.1 at 2014-12-12 13:38:04 +0200


Started GET "/events/9/edit" for 127.0.0.1 at 2014-12-12 13:38:12 +0200
Processing by EventsController#edit as HTML
  Parameters: {"id"=>"9"}
  [1m[36mEvent Load (0.2ms)[0m  [1mSELECT "events".* FROM "events" WHERE "events"."id" = ? LIMIT 1[0m  [["id", "9"]]
  Rendered events/_form.html.erb (10.1ms)
  Rendered events/edit.html.erb within layouts/application (11.2ms)
  Rendered layouts/_header.html.erb (0.1ms)
  Rendered layouts/_sidebar.html.erb (0.2ms)
  Rendered layouts/_footer.html.erb (0.1ms)
Completed 200 OK in 21ms (Views: 19.8ms | ActiveRecord: 0.2ms)


Started PATCH "/events/9" for 127.0.0.1 at 2014-12-12 13:38:20 +0200
Processing by EventsController#update as HTML
  Parameters: {"utf8"=>"✓", "authenticity_token"=>"pLMs+T8CvRzB16yyMAGdkfFEVUiXmfu29ba7L62/K9U=", "event"=>{"name"=>"", "description"=>"", "location"=>"Heraklion", "price"=>"100", "starts_at(1i)"=>"2014", "starts_at(2i)"=>"12", "starts_at(3i)"=>"12", "starts_at(4i)"=>"11", "starts_at(5i)"=>"03", "capacity"=>"1", "image_file_name"=>""}, "commit"=>"Update Event", "id"=>"9"}
  [1m[35mEvent Load (0.2ms)[0m  SELECT "events".* FROM "events" WHERE "events"."id" = ? LIMIT 1  [["id", "9"]]
  [1m[36m (0.1ms)[0m  [1mbegin transaction[0m
  [1m[35m (0.1ms)[0m  rollback transaction
Redirected to http://localhost:3000/events/9
Completed 302 Found in 6ms (ActiveRecord: 0.3ms)


Started GET "/events/9" for 127.0.0.1 at 2014-12-12 13:38:20 +0200
Processing by EventsController#show as HTML
  Parameters: {"id"=>"9"}
  [1m[36mEvent Load (0.3ms)[0m  [1mSELECT "events".* FROM "events" WHERE "events"."id" = ? LIMIT 1[0m  [["id", "9"]]
  Rendered events/show.html.erb within layouts/application (1.5ms)
  Rendered layouts/_header.html.erb (0.2ms)
  Rendered layouts/_sidebar.html.erb (0.4ms)
  Rendered layouts/_footer.html.erb (0.1ms)
Completed 200 OK in 15ms (Views: 12.8ms | ActiveRecord: 0.3ms)


Started GET "/assets/application.css?body=1" for 127.0.0.1 at 2014-12-12 13:38:20 +0200


Started GET "/assets/layout.css?body=1" for 127.0.0.1 at 2014-12-12 13:38:20 +0200


Started GET "/assets/buttons.css?body=1" for 127.0.0.1 at 2014-12-12 13:38:20 +0200


Started GET "/assets/elements.css?body=1" for 127.0.0.1 at 2014-12-12 13:38:20 +0200


Started GET "/assets/normalize.css?body=1" for 127.0.0.1 at 2014-12-12 13:38:20 +0200


Started GET "/assets/events.css?body=1" for 127.0.0.1 at 2014-12-12 13:38:20 +0200


Started GET "/assets/forms.css?body=1" for 127.0.0.1 at 2014-12-12 13:38:20 +0200


Started GET "/assets/jquery.js?body=1" for 127.0.0.1 at 2014-12-12 13:38:20 +0200


Started GET "/assets/jquery_ujs.js?body=1" for 127.0.0.1 at 2014-12-12 13:38:20 +0200


Started GET "/assets/turbolinks.js?body=1" for 127.0.0.1 at 2014-12-12 13:38:20 +0200


Started GET "/assets/events.js?body=1" for 127.0.0.1 at 2014-12-12 13:38:20 +0200


Started GET "/assets/application.js?body=1" for 127.0.0.1 at 2014-12-12 13:38:20 +0200


Started GET "/events/9" for 127.0.0.1 at 2014-12-12 13:52:39 +0200
Processing by EventsController#show as HTML
  Parameters: {"id"=>"9"}
  [1m[35mEvent Load (1.4ms)[0m  SELECT "events".* FROM "events" WHERE "events"."id" = ? LIMIT 1  [["id", "9"]]
  Rendered events/show.html.erb within layouts/application (11.2ms)
  Rendered layouts/_header.html.erb (0.8ms)
  Rendered layouts/_sidebar.html.erb (0.5ms)
  Rendered layouts/_footer.html.erb (0.1ms)
Completed 200 OK in 49ms (Views: 33.8ms | ActiveRecord: 1.4ms)


Started GET "/assets/application.css?body=1" for 127.0.0.1 at 2014-12-12 13:52:40 +0200


Started GET "/assets/normalize.css?body=1" for 127.0.0.1 at 2014-12-12 13:52:40 +0200


Started GET "/assets/elements.css?body=1" for 127.0.0.1 at 2014-12-12 13:52:40 +0200


Started GET "/assets/jquery_ujs.js?body=1" for 127.0.0.1 at 2014-12-12 13:52:40 +0200


Started GET "/assets/layout.css?body=1" for 127.0.0.1 at 2014-12-12 13:52:40 +0200


Started GET "/assets/events.css?body=1" for 127.0.0.1 at 2014-12-12 13:52:40 +0200


Started GET "/assets/forms.css?body=1" for 127.0.0.1 at 2014-12-12 13:52:40 +0200


Started GET "/assets/buttons.css?body=1" for 127.0.0.1 at 2014-12-12 13:52:40 +0200


Started GET "/assets/turbolinks.js?body=1" for 127.0.0.1 at 2014-12-12 13:52:40 +0200


Started GET "/assets/application.js?body=1" for 127.0.0.1 at 2014-12-12 13:52:40 +0200


Started GET "/assets/events.js?body=1" for 127.0.0.1 at 2014-12-12 13:52:40 +0200


Started GET "/assets/jquery.js?body=1" for 127.0.0.1 at 2014-12-12 13:52:40 +0200


Started GET "/assets/placeholder.png" for 127.0.0.1 at 2014-12-12 13:52:40 +0200


Started GET "/events/9" for 127.0.0.1 at 2014-12-12 13:52:43 +0200
Processing by EventsController#show as HTML
  Parameters: {"id"=>"9"}
  [1m[36mEvent Load (0.2ms)[0m  [1mSELECT "events".* FROM "events" WHERE "events"."id" = ? LIMIT 1[0m  [["id", "9"]]
  Rendered events/show.html.erb within layouts/application (1.8ms)
  Rendered layouts/_header.html.erb (0.2ms)
  Rendered layouts/_sidebar.html.erb (0.2ms)
  Rendered layouts/_footer.html.erb (0.0ms)
Completed 200 OK in 15ms (Views: 12.0ms | ActiveRecord: 0.2ms)


Started GET "/assets/application.css?body=1" for 127.0.0.1 at 2014-12-12 13:52:43 +0200


Started GET "/assets/layout.css?body=1" for 127.0.0.1 at 2014-12-12 13:52:43 +0200


Started GET "/assets/normalize.css?body=1" for 127.0.0.1 at 2014-12-12 13:52:43 +0200


Started GET "/assets/buttons.css?body=1" for 127.0.0.1 at 2014-12-12 13:52:43 +0200


Started GET "/assets/events.css?body=1" for 127.0.0.1 at 2014-12-12 13:52:43 +0200


Started GET "/assets/elements.css?body=1" for 127.0.0.1 at 2014-12-12 13:52:43 +0200


Started GET "/assets/forms.css?body=1" for 127.0.0.1 at 2014-12-12 13:52:43 +0200


Started GET "/assets/jquery.js?body=1" for 127.0.0.1 at 2014-12-12 13:52:43 +0200


Started GET "/assets/jquery_ujs.js?body=1" for 127.0.0.1 at 2014-12-12 13:52:43 +0200


Started GET "/assets/turbolinks.js?body=1" for 127.0.0.1 at 2014-12-12 13:52:43 +0200


Started GET "/assets/events.js?body=1" for 127.0.0.1 at 2014-12-12 13:52:43 +0200


Started GET "/assets/application.js?body=1" for 127.0.0.1 at 2014-12-12 13:52:43 +0200


Started GET "/assets/placeholder.png" for 127.0.0.1 at 2014-12-12 13:52:43 +0200


Started GET "/events/9/edit" for 127.0.0.1 at 2014-12-12 13:52:46 +0200
Processing by EventsController#edit as HTML
  Parameters: {"id"=>"9"}
  [1m[35mEvent Load (0.7ms)[0m  SELECT "events".* FROM "events" WHERE "events"."id" = ? LIMIT 1  [["id", "9"]]
  Rendered events/_form.html.erb (17.1ms)
  Rendered events/edit.html.erb within layouts/application (19.1ms)
  Rendered layouts/_header.html.erb (0.2ms)
  Rendered layouts/_sidebar.html.erb (0.5ms)
  Rendered layouts/_footer.html.erb (0.2ms)
Completed 200 OK in 38ms (Views: 34.9ms | ActiveRecord: 0.7ms)


Started GET "/events" for 127.0.0.1 at 2014-12-12 13:52:51 +0200
Processing by EventsController#index as HTML
  [1m[36mEvent Load (0.9ms)[0m  [1mSELECT "events".* FROM "events" WHERE (starts_at >= '2014-12-12 11:52:51.625383') ORDER BY "events"."starts_at" ASC[0m
  Rendered events/index.html.erb within layouts/application (11.8ms)
  Rendered layouts/_header.html.erb (0.7ms)
  Rendered layouts/_sidebar.html.erb (0.6ms)
  Rendered layouts/_footer.html.erb (0.1ms)
Completed 200 OK in 29ms (Views: 25.5ms | ActiveRecord: 0.9ms)


Started GET "/events/2" for 127.0.0.1 at 2014-12-12 13:52:55 +0200
Processing by EventsController#show as HTML
  Parameters: {"id"=>"2"}
  [1m[35mEvent Load (0.2ms)[0m  SELECT "events".* FROM "events" WHERE "events"."id" = ? LIMIT 1  [["id", "2"]]
  Rendered events/show.html.erb within layouts/application (2.7ms)
  Rendered layouts/_header.html.erb (0.2ms)
  Rendered layouts/_sidebar.html.erb (0.3ms)
  Rendered layouts/_footer.html.erb (0.0ms)
Completed 200 OK in 14ms (Views: 11.9ms | ActiveRecord: 0.2ms)


Started GET "/events/2/edit" for 127.0.0.1 at 2014-12-12 13:53:00 +0200
Processing by EventsController#edit as HTML
  Parameters: {"id"=>"2"}
  [1m[36mEvent Load (0.2ms)[0m  [1mSELECT "events".* FROM "events" WHERE "events"."id" = ? LIMIT 1[0m  [["id", "2"]]
  Rendered events/_form.html.erb (14.7ms)
  Rendered events/edit.html.erb within layouts/application (16.5ms)
  Rendered layouts/_header.html.erb (0.2ms)
  Rendered layouts/_sidebar.html.erb (0.3ms)
  Rendered layouts/_footer.html.erb (0.0ms)
Completed 200 OK in 35ms (Views: 32.0ms | ActiveRecord: 0.2ms)


Started PATCH "/events/2" for 127.0.0.1 at 2014-12-12 13:53:04 +0200
Processing by EventsController#update as HTML
  Parameters: {"utf8"=>"✓", "authenticity_token"=>"pLMs+T8CvRzB16yyMAGdkfFEVUiXmfu29ba7L62/K9U=", "event"=>{"name"=>"Hackathon", "description"=>"Got a killer app idea you've been itching to work on? Hunker down at the Hackathon! This is an intense, focused day of hacking on anything you want. The entry fee goes toward a bounty of cash and prizes for winners in a variety of categories.", "location"=>"Buffalo Billiards, Austin, TX", "price"=>"15", "starts_at(1i)"=>"2015", "starts_at(2i)"=>"4", "starts_at(3i)"=>"11", "starts_at(4i)"=>"07", "starts_at(5i)"=>"38", "capacity"=>"100", "image_file_name"=>"hackathon.png"}, "commit"=>"Update Event", "id"=>"2"}
  [1m[35mEvent Load (0.5ms)[0m  SELECT "events".* FROM "events" WHERE "events"."id" = ? LIMIT 1  [["id", "2"]]
  [1m[36m (0.2ms)[0m  [1mbegin transaction[0m
  [1m[35mSQL (0.6ms)[0m  UPDATE "events" SET "starts_at" = ?, "updated_at" = ? WHERE "events"."id" = 2  [["starts_at", Sat, 11 Apr 2015 07:38:00 UTC +00:00], ["updated_at", Fri, 12 Dec 2014 11:53:04 UTC +00:00]]
  [1m[36m (0.9ms)[0m  [1mcommit transaction[0m
Redirected to http://localhost:3000/events/2
Completed 302 Found in 33ms (ActiveRecord: 2.5ms)


Started GET "/events/2" for 127.0.0.1 at 2014-12-12 13:53:04 +0200
Processing by EventsController#show as HTML
  Parameters: {"id"=>"2"}
  [1m[35mEvent Load (0.2ms)[0m  SELECT "events".* FROM "events" WHERE "events"."id" = ? LIMIT 1  [["id", "2"]]
  Rendered events/show.html.erb within layouts/application (1.3ms)
  Rendered layouts/_header.html.erb (0.3ms)
  Rendered layouts/_sidebar.html.erb (0.2ms)
  Rendered layouts/_footer.html.erb (0.1ms)
Completed 200 OK in 12ms (Views: 10.3ms | ActiveRecord: 0.2ms)


Started GET "/assets/application.css?body=1" for 127.0.0.1 at 2014-12-12 13:53:04 +0200


Started GET "/assets/events.css?body=1" for 127.0.0.1 at 2014-12-12 13:53:04 +0200


Started GET "/assets/normalize.css?body=1" for 127.0.0.1 at 2014-12-12 13:53:04 +0200


Started GET "/assets/layout.css?body=1" for 127.0.0.1 at 2014-12-12 13:53:04 +0200


Started GET "/assets/buttons.css?body=1" for 127.0.0.1 at 2014-12-12 13:53:04 +0200


Started GET "/assets/elements.css?body=1" for 127.0.0.1 at 2014-12-12 13:53:04 +0200


Started GET "/assets/jquery.js?body=1" for 127.0.0.1 at 2014-12-12 13:53:04 +0200


Started GET "/assets/forms.css?body=1" for 127.0.0.1 at 2014-12-12 13:53:04 +0200


Started GET "/assets/jquery_ujs.js?body=1" for 127.0.0.1 at 2014-12-12 13:53:04 +0200


Started GET "/assets/turbolinks.js?body=1" for 127.0.0.1 at 2014-12-12 13:53:04 +0200


Started GET "/assets/application.js?body=1" for 127.0.0.1 at 2014-12-12 13:53:04 +0200


Started GET "/assets/events.js?body=1" for 127.0.0.1 at 2014-12-12 13:53:04 +0200


Started GET "/events" for 127.0.0.1 at 2014-12-12 13:53:06 +0200
Processing by EventsController#index as HTML
  [1m[36mEvent Load (0.3ms)[0m  [1mSELECT "events".* FROM "events" WHERE (starts_at >= '2014-12-12 11:53:06.420270') ORDER BY "events"."starts_at" ASC[0m
  Rendered events/index.html.erb within layouts/application (6.0ms)
  Rendered layouts/_header.html.erb (0.2ms)
  Rendered layouts/_sidebar.html.erb (0.2ms)
  Rendered layouts/_footer.html.erb (0.0ms)
Completed 200 OK in 20ms (Views: 18.9ms | ActiveRecord: 0.3ms)


Started GET "/events/new" for 127.0.0.1 at 2014-12-12 13:53:15 +0200
Processing by EventsController#new as HTML
  Rendered events/_form.html.erb (9.1ms)
  Rendered events/new.html.erb within layouts/application (10.4ms)
  Rendered layouts/_header.html.erb (0.2ms)
  Rendered layouts/_sidebar.html.erb (0.2ms)
  Rendered layouts/_footer.html.erb (0.0ms)
Completed 200 OK in 22ms (Views: 20.9ms | ActiveRecord: 0.0ms)


Started POST "/events" for 127.0.0.1 at 2014-12-12 13:53:28 +0200
Processing by EventsController#create as HTML
  Parameters: {"utf8"=>"✓", "authenticity_token"=>"pLMs+T8CvRzB16yyMAGdkfFEVUiXmfu29ba7L62/K9U=", "event"=>{"name"=>"Manolsi", "description"=>"\r\n", "location"=>"", "price"=>"", "starts_at(1i)"=>"2014", "starts_at(2i)"=>"12", "starts_at(3i)"=>"12", "starts_at(4i)"=>"11", "starts_at(5i)"=>"53", "capacity"=>"1", "image_file_name"=>""}, "commit"=>"Create Event"}
  [1m[35m (0.1ms)[0m  begin transaction
  [1m[36m (0.1ms)[0m  [1mrollback transaction[0m
  Rendered events/_form.html.erb (17.4ms)
  Rendered events/new.html.erb within layouts/application (18.7ms)
  Rendered layouts/_header.html.erb (0.2ms)
  Rendered layouts/_sidebar.html.erb (0.2ms)
  Rendered layouts/_footer.html.erb (0.0ms)
Completed 200 OK in 35ms (Views: 28.7ms | ActiveRecord: 0.2ms)


Started GET "/assets/application.css?body=1" for 127.0.0.1 at 2014-12-12 13:53:28 +0200


Started GET "/assets/layout.css?body=1" for 127.0.0.1 at 2014-12-12 13:53:28 +0200


Started GET "/assets/normalize.css?body=1" for 127.0.0.1 at 2014-12-12 13:53:28 +0200


Started GET "/assets/elements.css?body=1" for 127.0.0.1 at 2014-12-12 13:53:28 +0200


Started GET "/assets/buttons.css?body=1" for 127.0.0.1 at 2014-12-12 13:53:28 +0200


Started GET "/assets/events.css?body=1" for 127.0.0.1 at 2014-12-12 13:53:28 +0200


Started GET "/assets/forms.css?body=1" for 127.0.0.1 at 2014-12-12 13:53:28 +0200


Started GET "/assets/jquery.js?body=1" for 127.0.0.1 at 2014-12-12 13:53:28 +0200


Started GET "/assets/jquery_ujs.js?body=1" for 127.0.0.1 at 2014-12-12 13:53:28 +0200


Started GET "/assets/turbolinks.js?body=1" for 127.0.0.1 at 2014-12-12 13:53:28 +0200


Started GET "/assets/events.js?body=1" for 127.0.0.1 at 2014-12-12 13:53:28 +0200


Started GET "/assets/application.js?body=1" for 127.0.0.1 at 2014-12-12 13:53:28 +0200


Started POST "/events" for 127.0.0.1 at 2014-12-12 13:58:15 +0200
Processing by EventsController#create as HTML
  Parameters: {"utf8"=>"✓", "authenticity_token"=>"pLMs+T8CvRzB16yyMAGdkfFEVUiXmfu29ba7L62/K9U=", "event"=>{"name"=>"Manolsi", "description"=>"\r\n", "location"=>"", "price"=>"", "starts_at(1i)"=>"2014", "starts_at(2i)"=>"12", "starts_at(3i)"=>"12", "starts_at(4i)"=>"11", "starts_at(5i)"=>"53", "capacity"=>"1", "image_file_name"=>""}, "commit"=>"Create Event"}
  [1m[35m (4.6ms)[0m  begin transaction
  [1m[36m (0.2ms)[0m  [1mrollback transaction[0m
  Rendered shared/_errors.html.erb (7.2ms)
  Rendered events/_form.html.erb (40.7ms)
  Rendered events/new.html.erb within layouts/application (42.7ms)
  Rendered layouts/_header.html.erb (0.4ms)
  Rendered layouts/_sidebar.html.erb (0.3ms)
  Rendered layouts/_footer.html.erb (0.1ms)
Completed 200 OK in 99ms (Views: 66.2ms | ActiveRecord: 4.8ms)


Started GET "/assets/application.css?body=1" for 127.0.0.1 at 2014-12-12 13:58:15 +0200


Started GET "/assets/elements.css?body=1" for 127.0.0.1 at 2014-12-12 13:58:15 +0200


Started GET "/assets/layout.css?body=1" for 127.0.0.1 at 2014-12-12 13:58:15 +0200


Started GET "/assets/events.css?body=1" for 127.0.0.1 at 2014-12-12 13:58:15 +0200


Started GET "/assets/normalize.css?body=1" for 127.0.0.1 at 2014-12-12 13:58:15 +0200


Started GET "/assets/forms.css?body=1" for 127.0.0.1 at 2014-12-12 13:58:15 +0200


Started GET "/assets/buttons.css?body=1" for 127.0.0.1 at 2014-12-12 13:58:15 +0200


Started GET "/assets/jquery.js?body=1" for 127.0.0.1 at 2014-12-12 13:58:15 +0200


Started GET "/assets/jquery_ujs.js?body=1" for 127.0.0.1 at 2014-12-12 13:58:15 +0200


Started GET "/assets/turbolinks.js?body=1" for 127.0.0.1 at 2014-12-12 13:58:16 +0200


Started GET "/assets/events.js?body=1" for 127.0.0.1 at 2014-12-12 13:58:16 +0200


Started GET "/assets/application.js?body=1" for 127.0.0.1 at 2014-12-12 13:58:16 +0200


Started POST "/events" for 127.0.0.1 at 2014-12-12 13:59:10 +0200
Processing by EventsController#create as HTML
  Parameters: {"utf8"=>"✓", "authenticity_token"=>"pLMs+T8CvRzB16yyMAGdkfFEVUiXmfu29ba7L62/K9U=", "event"=>{"name"=>"Rails user group", "description"=>"This is going to be great .\r\n", "location"=>"Hersonisos", "price"=>"400", "starts_at(1i)"=>"2014", "starts_at(2i)"=>"12", "starts_at(3i)"=>"12", "starts_at(4i)"=>"11", "starts_at(5i)"=>"53", "capacity"=>"10", "image_file_name"=>"rails.png"}, "commit"=>"Create Event"}
  [1m[35m (0.1ms)[0m  begin transaction
  [1m[36mSQL (1.9ms)[0m  [1mINSERT INTO "events" ("capacity", "created_at", "description", "image_file_name", "location", "name", "price", "starts_at", "updated_at") VALUES (?, ?, ?, ?, ?, ?, ?, ?, ?)[0m  [["capacity", 10], ["created_at", Fri, 12 Dec 2014 11:59:10 UTC +00:00], ["description", "This is going to be great .\r\n"], ["image_file_name", "rails.png"], ["location", "Hersonisos"], ["name", "Rails user group"], ["price", #<BigDecimal:7fa8aaf4b640,'0.4E3',9(18)>], ["starts_at", Fri, 12 Dec 2014 11:53:00 UTC +00:00], ["updated_at", Fri, 12 Dec 2014 11:59:10 UTC +00:00]]
  [1m[35m (0.9ms)[0m  commit transaction
Redirected to http://localhost:3000/events/10
Completed 302 Found in 19ms (ActiveRecord: 2.8ms)


Started GET "/events/10" for 127.0.0.1 at 2014-12-12 13:59:10 +0200
Processing by EventsController#show as HTML
  Parameters: {"id"=>"10"}
  [1m[36mEvent Load (0.6ms)[0m  [1mSELECT "events".* FROM "events" WHERE "events"."id" = ? LIMIT 1[0m  [["id", "10"]]
  Rendered events/show.html.erb within layouts/application (10.7ms)
  Rendered layouts/_header.html.erb (0.3ms)
  Rendered layouts/_sidebar.html.erb (0.4ms)
  Rendered layouts/_footer.html.erb (0.1ms)
Completed 200 OK in 29ms (Views: 23.6ms | ActiveRecord: 0.6ms)


Started GET "/assets/application.css?body=1" for 127.0.0.1 at 2014-12-12 13:59:10 +0200


Started GET "/assets/events.css?body=1" for 127.0.0.1 at 2014-12-12 13:59:10 +0200


Started GET "/assets/normalize.css?body=1" for 127.0.0.1 at 2014-12-12 13:59:10 +0200


Started GET "/assets/forms.css?body=1" for 127.0.0.1 at 2014-12-12 13:59:10 +0200


Started GET "/assets/elements.css?body=1" for 127.0.0.1 at 2014-12-12 13:59:10 +0200


Started GET "/assets/layout.css?body=1" for 127.0.0.1 at 2014-12-12 13:59:10 +0200


Started GET "/assets/buttons.css?body=1" for 127.0.0.1 at 2014-12-12 13:59:10 +0200


Started GET "/assets/jquery.js?body=1" for 127.0.0.1 at 2014-12-12 13:59:10 +0200


Started GET "/assets/jquery_ujs.js?body=1" for 127.0.0.1 at 2014-12-12 13:59:10 +0200


Started GET "/assets/turbolinks.js?body=1" for 127.0.0.1 at 2014-12-12 13:59:10 +0200


Started GET "/assets/events.js?body=1" for 127.0.0.1 at 2014-12-12 13:59:10 +0200


Started GET "/assets/application.js?body=1" for 127.0.0.1 at 2014-12-12 13:59:10 +0200


Started GET "/assets/rails.png" for 127.0.0.1 at 2014-12-12 13:59:10 +0200


Started GET "/events/10/edit" for 127.0.0.1 at 2014-12-12 14:00:17 +0200
Processing by EventsController#edit as HTML
  Parameters: {"id"=>"10"}
  [1m[35mEvent Load (0.2ms)[0m  SELECT "events".* FROM "events" WHERE "events"."id" = ? LIMIT 1  [["id", "10"]]
  Rendered shared/_errors.html.erb (0.9ms)
  Rendered events/_form.html.erb (15.4ms)
  Rendered events/edit.html.erb within layouts/application (16.7ms)
  Rendered layouts/_header.html.erb (0.2ms)
  Rendered layouts/_sidebar.html.erb (0.2ms)
  Rendered layouts/_footer.html.erb (0.0ms)
Completed 200 OK in 30ms (Views: 28.3ms | ActiveRecord: 0.2ms)


Started PATCH "/events/10" for 127.0.0.1 at 2014-12-12 14:00:23 +0200
Processing by EventsController#update as HTML
  Parameters: {"utf8"=>"✓", "authenticity_token"=>"pLMs+T8CvRzB16yyMAGdkfFEVUiXmfu29ba7L62/K9U=", "event"=>{"name"=>"", "description"=>"This is going to be great .\r\n", "location"=>"Hersonisos", "price"=>"400", "starts_at(1i)"=>"2014", "starts_at(2i)"=>"12", "starts_at(3i)"=>"12", "starts_at(4i)"=>"11", "starts_at(5i)"=>"53", "capacity"=>"10", "image_file_name"=>"rails.png"}, "commit"=>"Update Event", "id"=>"10"}
  [1m[36mEvent Load (0.2ms)[0m  [1mSELECT "events".* FROM "events" WHERE "events"."id" = ? LIMIT 1[0m  [["id", "10"]]
  [1m[35m (0.5ms)[0m  begin transaction
  [1m[36m (0.1ms)[0m  [1mrollback transaction[0m
Redirected to http://localhost:3000/events/10
Completed 302 Found in 9ms (ActiveRecord: 0.8ms)


Started GET "/events/10" for 127.0.0.1 at 2014-12-12 14:00:23 +0200
Processing by EventsController#show as HTML
  Parameters: {"id"=>"10"}
  [1m[35mEvent Load (0.2ms)[0m  SELECT "events".* FROM "events" WHERE "events"."id" = ? LIMIT 1  [["id", "10"]]
  Rendered events/show.html.erb within layouts/application (2.5ms)
  Rendered layouts/_header.html.erb (0.2ms)
  Rendered layouts/_sidebar.html.erb (0.3ms)
  Rendered layouts/_footer.html.erb (0.0ms)
Completed 200 OK in 15ms (Views: 12.6ms | ActiveRecord: 0.2ms)


Started GET "/assets/application.css?body=1" for 127.0.0.1 at 2014-12-12 14:00:23 +0200


Started GET "/assets/normalize.css?body=1" for 127.0.0.1 at 2014-12-12 14:00:23 +0200


Started GET "/assets/elements.css?body=1" for 127.0.0.1 at 2014-12-12 14:00:23 +0200


Started GET "/assets/layout.css?body=1" for 127.0.0.1 at 2014-12-12 14:00:23 +0200


Started GET "/assets/events.css?body=1" for 127.0.0.1 at 2014-12-12 14:00:23 +0200


Started GET "/assets/buttons.css?body=1" for 127.0.0.1 at 2014-12-12 14:00:23 +0200


Started GET "/assets/forms.css?body=1" for 127.0.0.1 at 2014-12-12 14:00:23 +0200


Started GET "/assets/jquery.js?body=1" for 127.0.0.1 at 2014-12-12 14:00:23 +0200


Started GET "/assets/turbolinks.js?body=1" for 127.0.0.1 at 2014-12-12 14:00:23 +0200


Started GET "/assets/jquery_ujs.js?body=1" for 127.0.0.1 at 2014-12-12 14:00:23 +0200


Started GET "/assets/events.js?body=1" for 127.0.0.1 at 2014-12-12 14:00:23 +0200


Started GET "/assets/application.js?body=1" for 127.0.0.1 at 2014-12-12 14:00:23 +0200


Started GET "/events/10/edit" for 127.0.0.1 at 2014-12-12 14:06:22 +0200
Processing by EventsController#edit as HTML
  Parameters: {"id"=>"10"}
  [1m[36mEvent Load (0.8ms)[0m  [1mSELECT "events".* FROM "events" WHERE "events"."id" = ? LIMIT 1[0m  [["id", "10"]]
  Rendered shared/_errors.html.erb (0.1ms)
  Rendered events/_form.html.erb (26.7ms)
  Rendered events/edit.html.erb within layouts/application (28.3ms)
  Rendered layouts/_header.html.erb (0.2ms)
  Rendered layouts/_sidebar.html.erb (0.2ms)
  Rendered layouts/_footer.html.erb (0.1ms)
Completed 200 OK in 74ms (Views: 42.2ms | ActiveRecord: 2.0ms)


Started PATCH "/events/10" for 127.0.0.1 at 2014-12-12 14:06:29 +0200
Processing by EventsController#update as HTML
  Parameters: {"utf8"=>"✓", "authenticity_token"=>"pLMs+T8CvRzB16yyMAGdkfFEVUiXmfu29ba7L62/K9U=", "event"=>{"name"=>"", "description"=>"This is going to be great .\r\n", "location"=>"Hersonisos", "price"=>"400", "starts_at(1i)"=>"2014", "starts_at(2i)"=>"12", "starts_at(3i)"=>"12", "starts_at(4i)"=>"11", "starts_at(5i)"=>"53", "capacity"=>"10", "image_file_name"=>"rails.png"}, "commit"=>"Update Event", "id"=>"10"}
  [1m[35mEvent Load (0.3ms)[0m  SELECT "events".* FROM "events" WHERE "events"."id" = ? LIMIT 1  [["id", "10"]]
  [1m[36m (0.3ms)[0m  [1mbegin transaction[0m
  [1m[35m (0.1ms)[0m  rollback transaction
  Rendered shared/_errors.html.erb (0.8ms)
  Rendered events/_form.html.erb (15.9ms)
  Rendered events/edit.html.erb within layouts/application (18.0ms)
  Rendered layouts/_header.html.erb (0.3ms)
  Rendered layouts/_sidebar.html.erb (0.3ms)
  Rendered layouts/_footer.html.erb (0.1ms)
Completed 200 OK in 46ms (Views: 34.0ms | ActiveRecord: 0.7ms)


Started GET "/assets/application.css?body=1" for 127.0.0.1 at 2014-12-12 14:06:29 +0200


Started GET "/assets/elements.css?body=1" for 127.0.0.1 at 2014-12-12 14:06:29 +0200


Started GET "/assets/buttons.css?body=1" for 127.0.0.1 at 2014-12-12 14:06:29 +0200


Started GET "/assets/forms.css?body=1" for 127.0.0.1 at 2014-12-12 14:06:29 +0200


Started GET "/assets/events.css?body=1" for 127.0.0.1 at 2014-12-12 14:06:29 +0200


Started GET "/assets/layout.css?body=1" for 127.0.0.1 at 2014-12-12 14:06:29 +0200


Started GET "/assets/jquery.js?body=1" for 127.0.0.1 at 2014-12-12 14:06:29 +0200


Started GET "/assets/normalize.css?body=1" for 127.0.0.1 at 2014-12-12 14:06:29 +0200


Started GET "/assets/jquery_ujs.js?body=1" for 127.0.0.1 at 2014-12-12 14:06:29 +0200


Started GET "/assets/turbolinks.js?body=1" for 127.0.0.1 at 2014-12-12 14:06:29 +0200


Started GET "/assets/events.js?body=1" for 127.0.0.1 at 2014-12-12 14:06:29 +0200


Started GET "/assets/application.js?body=1" for 127.0.0.1 at 2014-12-12 14:06:29 +0200


Started PATCH "/events/10" for 127.0.0.1 at 2014-12-12 14:06:48 +0200
Processing by EventsController#update as HTML
  Parameters: {"utf8"=>"✓", "authenticity_token"=>"pLMs+T8CvRzB16yyMAGdkfFEVUiXmfu29ba7L62/K9U=", "event"=>{"name"=>"Rails User Group", "description"=>"This is going to be great .\r\n", "location"=>"Hersonisos", "price"=>"400", "starts_at(1i)"=>"2014", "starts_at(2i)"=>"12", "starts_at(3i)"=>"12", "starts_at(4i)"=>"11", "starts_at(5i)"=>"53", "capacity"=>"10", "image_file_name"=>"rails.png"}, "commit"=>"Update Event", "id"=>"10"}
  [1m[36mEvent Load (0.5ms)[0m  [1mSELECT "events".* FROM "events" WHERE "events"."id" = ? LIMIT 1[0m  [["id", "10"]]
  [1m[35m (0.1ms)[0m  begin transaction
  [1m[36mSQL (1.2ms)[0m  [1mUPDATE "events" SET "name" = ?, "updated_at" = ? WHERE "events"."id" = 10[0m  [["name", "Rails User Group"], ["updated_at", Fri, 12 Dec 2014 12:06:48 UTC +00:00]]
  [1m[35m (2.7ms)[0m  commit transaction
Redirected to http://localhost:3000/events/10
Completed 302 Found in 15ms (ActiveRecord: 4.5ms)


Started GET "/events/10" for 127.0.0.1 at 2014-12-12 14:06:48 +0200
Processing by EventsController#show as HTML
  Parameters: {"id"=>"10"}
  [1m[36mEvent Load (0.3ms)[0m  [1mSELECT "events".* FROM "events" WHERE "events"."id" = ? LIMIT 1[0m  [["id", "10"]]
  Rendered events/show.html.erb within layouts/application (3.9ms)
  Rendered layouts/_header.html.erb (0.4ms)
  Rendered layouts/_sidebar.html.erb (0.3ms)
  Rendered layouts/_footer.html.erb (0.0ms)
Completed 200 OK in 18ms (Views: 15.5ms | ActiveRecord: 0.3ms)


Started GET "/assets/normalize.css?body=1" for 127.0.0.1 at 2014-12-12 14:06:48 +0200


Started GET "/assets/application.css?body=1" for 127.0.0.1 at 2014-12-12 14:06:48 +0200


Started GET "/assets/elements.css?body=1" for 127.0.0.1 at 2014-12-12 14:06:48 +0200


Started GET "/assets/layout.css?body=1" for 127.0.0.1 at 2014-12-12 14:06:48 +0200


Started GET "/assets/events.css?body=1" for 127.0.0.1 at 2014-12-12 14:06:48 +0200


Started GET "/assets/forms.css?body=1" for 127.0.0.1 at 2014-12-12 14:06:48 +0200


Started GET "/assets/jquery.js?body=1" for 127.0.0.1 at 2014-12-12 14:06:48 +0200


Started GET "/assets/buttons.css?body=1" for 127.0.0.1 at 2014-12-12 14:06:48 +0200


Started GET "/assets/jquery_ujs.js?body=1" for 127.0.0.1 at 2014-12-12 14:06:48 +0200


Started GET "/assets/turbolinks.js?body=1" for 127.0.0.1 at 2014-12-12 14:06:48 +0200


Started GET "/assets/events.js?body=1" for 127.0.0.1 at 2014-12-12 14:06:48 +0200


Started GET "/assets/application.js?body=1" for 127.0.0.1 at 2014-12-12 14:06:48 +0200
